[2020-11-05 16:34:20Z INFO HostContext] No proxy settings were found based on environmental variables (http_proxy/https_proxy/HTTP_PROXY/HTTPS_PROXY)
[2020-11-05 16:34:20Z INFO HostContext] Well known directory 'Bin': '/home/ubuntu/assignment2-yixianLu/actions-runner/bin'
[2020-11-05 16:34:20Z INFO HostContext] Well known directory 'Root': '/home/ubuntu/assignment2-yixianLu/actions-runner'
[2020-11-05 16:34:20Z INFO HostContext] Well known config file 'Credentials': '/home/ubuntu/assignment2-yixianLu/actions-runner/.credentials'
[2020-11-05 16:34:20Z INFO Listener] Runner is built for Linux (X64) - linux-x64.
[2020-11-05 16:34:20Z INFO Listener] RuntimeInformation: Linux 4.15.0-118-generic #119-Ubuntu SMP Tue Sep 8 12:30:01 UTC 2020.
[2020-11-05 16:34:20Z INFO Listener] Version: 2.273.6
[2020-11-05 16:34:20Z INFO Listener] Commit: ad745669526010737d2ac2dcd10de80732e8390d
[2020-11-05 16:34:20Z INFO Listener] Culture: 
[2020-11-05 16:34:20Z INFO Listener] UI Culture: 
[2020-11-05 16:34:20Z INFO HostContext] Well known directory 'Bin': '/home/ubuntu/assignment2-yixianLu/actions-runner/bin'
[2020-11-05 16:34:20Z INFO HostContext] Well known directory 'Root': '/home/ubuntu/assignment2-yixianLu/actions-runner'
[2020-11-05 16:34:20Z INFO Listener] Validating directory permissions for: '/home/ubuntu/assignment2-yixianLu/actions-runner'
[2020-11-05 16:34:20Z INFO CommandLineParser] Parse
[2020-11-05 16:34:20Z INFO CommandLineParser] Parsing 1 args
[2020-11-05 16:34:20Z INFO CommandLineParser] parsing argument
[2020-11-05 16:34:20Z INFO CommandLineParser] HasArgs: False
[2020-11-05 16:34:20Z INFO CommandLineParser] Adding Command: run
[2020-11-05 16:34:20Z INFO Listener] Arguments parsed
[2020-11-05 16:34:20Z INFO Runner] ExecuteCommand
[2020-11-05 16:34:20Z INFO ConfigurationStore] currentAssemblyLocation: /home/ubuntu/assignment2-yixianLu/actions-runner/bin/Runner.Listener.dll
[2020-11-05 16:34:20Z INFO HostContext] Well known directory 'Bin': '/home/ubuntu/assignment2-yixianLu/actions-runner/bin'
[2020-11-05 16:34:20Z INFO ConfigurationStore] binPath: /home/ubuntu/assignment2-yixianLu/actions-runner/bin
[2020-11-05 16:34:20Z INFO HostContext] Well known directory 'Bin': '/home/ubuntu/assignment2-yixianLu/actions-runner/bin'
[2020-11-05 16:34:20Z INFO HostContext] Well known directory 'Root': '/home/ubuntu/assignment2-yixianLu/actions-runner'
[2020-11-05 16:34:20Z INFO ConfigurationStore] RootFolder: /home/ubuntu/assignment2-yixianLu/actions-runner
[2020-11-05 16:34:20Z INFO HostContext] Well known directory 'Bin': '/home/ubuntu/assignment2-yixianLu/actions-runner/bin'
[2020-11-05 16:34:20Z INFO HostContext] Well known directory 'Root': '/home/ubuntu/assignment2-yixianLu/actions-runner'
[2020-11-05 16:34:20Z INFO HostContext] Well known config file 'Runner': '/home/ubuntu/assignment2-yixianLu/actions-runner/.runner'
[2020-11-05 16:34:20Z INFO ConfigurationStore] ConfigFilePath: /home/ubuntu/assignment2-yixianLu/actions-runner/.runner
[2020-11-05 16:34:20Z INFO HostContext] Well known directory 'Bin': '/home/ubuntu/assignment2-yixianLu/actions-runner/bin'
[2020-11-05 16:34:20Z INFO HostContext] Well known directory 'Root': '/home/ubuntu/assignment2-yixianLu/actions-runner'
[2020-11-05 16:34:20Z INFO HostContext] Well known config file 'Credentials': '/home/ubuntu/assignment2-yixianLu/actions-runner/.credentials'
[2020-11-05 16:34:20Z INFO ConfigurationStore] CredFilePath: /home/ubuntu/assignment2-yixianLu/actions-runner/.credentials
[2020-11-05 16:34:20Z INFO HostContext] Well known directory 'Bin': '/home/ubuntu/assignment2-yixianLu/actions-runner/bin'
[2020-11-05 16:34:20Z INFO HostContext] Well known directory 'Root': '/home/ubuntu/assignment2-yixianLu/actions-runner'
[2020-11-05 16:34:20Z INFO HostContext] Well known config file 'MigratedCredentials': '/home/ubuntu/assignment2-yixianLu/actions-runner/.credentials_migrated'
[2020-11-05 16:34:20Z INFO ConfigurationStore] MigratedCredFilePath: /home/ubuntu/assignment2-yixianLu/actions-runner/.credentials_migrated
[2020-11-05 16:34:20Z INFO HostContext] Well known directory 'Bin': '/home/ubuntu/assignment2-yixianLu/actions-runner/bin'
[2020-11-05 16:34:20Z INFO HostContext] Well known directory 'Root': '/home/ubuntu/assignment2-yixianLu/actions-runner'
[2020-11-05 16:34:20Z INFO HostContext] Well known config file 'Service': '/home/ubuntu/assignment2-yixianLu/actions-runner/.service'
[2020-11-05 16:34:20Z INFO ConfigurationStore] ServiceConfigFilePath: /home/ubuntu/assignment2-yixianLu/actions-runner/.service
[2020-11-05 16:34:20Z INFO CommandSettings] Flag 'help': 'False'
[2020-11-05 16:34:20Z INFO CommandSettings] Flag 'version': 'False'
[2020-11-05 16:34:20Z INFO CommandSettings] Flag 'commit': 'False'
[2020-11-05 16:34:20Z INFO CommandSettings] Command 'configure': 'False'
[2020-11-05 16:34:20Z INFO CommandSettings] Command 'remove': 'False'
[2020-11-05 16:34:20Z INFO CommandSettings] Command 'warmup': 'False'
[2020-11-05 16:34:20Z INFO ConfigurationManager] LoadSettings
[2020-11-05 16:34:20Z INFO ConfigurationStore] IsConfigured()
[2020-11-05 16:34:20Z INFO ConfigurationStore] IsConfigured: True
[2020-11-05 16:34:20Z INFO ConfigurationManager] Is configured: True
[2020-11-05 16:34:20Z INFO ConfigurationStore] Read setting file: 319 chars
[2020-11-05 16:34:20Z INFO ConfigurationManager] Settings Loaded
[2020-11-05 16:34:20Z INFO ConfigurationStore] IsServiceConfigured()
[2020-11-05 16:34:20Z INFO ConfigurationStore] IsServiceConfigured: False
[2020-11-05 16:34:20Z INFO CommandSettings] Command 'run': 'True'
[2020-11-05 16:34:20Z INFO ConfigurationStore] IsConfigured()
[2020-11-05 16:34:20Z INFO ConfigurationStore] IsConfigured: True
[2020-11-05 16:34:20Z INFO ConfigurationManager] Is configured: True
[2020-11-05 16:34:20Z INFO Runner] Could not parse the argument value '' for StartupType. Defaulting to Manual
[2020-11-05 16:34:20Z INFO Runner] Set runner startup type - Manual
[2020-11-05 16:34:20Z INFO CommandSettings] Flag 'once': 'False'
[2020-11-05 16:34:20Z INFO Runner] RunAsync
[2020-11-05 16:34:20Z INFO ConfigurationManager] LoadSettings
[2020-11-05 16:34:20Z INFO ConfigurationStore] IsConfigured()
[2020-11-05 16:34:20Z INFO ConfigurationStore] IsConfigured: True
[2020-11-05 16:34:20Z INFO ConfigurationManager] Is configured: True
[2020-11-05 16:34:20Z INFO ConfigurationManager] Settings Loaded
[2020-11-05 16:34:20Z INFO MessageListener] {
  "AgentId": 2,
  "AgentName": "cmput401-assignment2_yxl",
  "PoolId": 1,
  "PoolName": "Default",
  "ServerUrl": "https://pipelines.actions.githubusercontent.com/SlfxfpiHaA8t9bO3tik5wAhm7FVPtFt8fHahD0YDOzro3EeyeD",
  "GitHubUrl": "https://github.com/UAlberta-CMPUT401/assignment2-yixianLu",
  "WorkFolder": "_work"
}
[2020-11-05 16:34:20Z INFO MessageListener] Loading Credentials
[2020-11-05 16:34:20Z INFO ConfigurationStore] HasCredentials()
[2020-11-05 16:34:20Z INFO ConfigurationStore] stored True
[2020-11-05 16:34:20Z INFO CredentialManager] GetCredentialProvider
[2020-11-05 16:34:20Z INFO CredentialManager] Creating type OAuth
[2020-11-05 16:34:20Z INFO CredentialManager] Creating credential type: OAuth
[2020-11-05 16:34:20Z INFO HostContext] Well known directory 'Bin': '/home/ubuntu/assignment2-yixianLu/actions-runner/bin'
[2020-11-05 16:34:20Z INFO HostContext] Well known directory 'Root': '/home/ubuntu/assignment2-yixianLu/actions-runner'
[2020-11-05 16:34:20Z INFO HostContext] Well known config file 'RSACredentials': '/home/ubuntu/assignment2-yixianLu/actions-runner/.credentials_rsaparams'
[2020-11-05 16:34:20Z INFO RSAFileKeyManager] Loading RSA key parameters from file /home/ubuntu/assignment2-yixianLu/actions-runner/.credentials_rsaparams
[2020-11-05 16:34:20Z INFO MessageListener] Attempt to create session.
[2020-11-05 16:34:20Z INFO MessageListener] Connecting to the Runner Server...
[2020-11-05 16:34:20Z INFO RunnerServer] Establish connection with 100 seconds timeout.
[2020-11-05 16:34:20Z INFO GitHubActionsService] Starting operation Location.GetConnectionData
[2020-11-05 16:34:20Z INFO RunnerServer] Establish connection with 60 seconds timeout.
[2020-11-05 16:34:20Z INFO GitHubActionsService] Starting operation Location.GetConnectionData
[2020-11-05 16:34:20Z INFO RunnerServer] Establish connection with 60 seconds timeout.
[2020-11-05 16:34:20Z INFO GitHubActionsService] Starting operation Location.GetConnectionData
[2020-11-05 16:34:21Z INFO GitHubActionsService] Finished operation Location.GetConnectionData
[2020-11-05 16:34:21Z INFO GitHubActionsService] Finished operation Location.GetConnectionData
[2020-11-05 16:34:21Z INFO GitHubActionsService] Finished operation Location.GetConnectionData
[2020-11-05 16:34:21Z INFO GitHubActionsService] Starting operation Location.GetConnectionData
[2020-11-05 16:34:21Z INFO GitHubActionsService] Finished operation Location.GetConnectionData
[2020-11-05 16:34:21Z INFO GitHubActionsService] Starting operation Location.GetConnectionData
[2020-11-05 16:34:21Z INFO GitHubActionsService] Finished operation Location.GetConnectionData
[2020-11-05 16:34:22Z INFO MessageListener] VssConnection created
[2020-11-05 16:34:22Z INFO Terminal] WRITE LINE: 
[2020-11-05 16:34:22Z INFO Terminal] WRITE LINE: 
[2020-11-05 16:34:22Z WARN GitHubActionsService] Authentication failed with status code 401.
Transfer-Encoding: chunked
WWW-Authenticate: Bearer
Strict-Transport-Security: max-age=2592000
X-TFS-ProcessId: 0502d3db-7e48-48e2-b3bc-e1ec0d45d1d6
ActivityId: 0d79797d-e8b3-474e-b543-b6563348bca5
X-TFS-Session: 749f64a3-0533-4c8f-b283-b0c28b66d2b0
X-VSS-E2EID: 4013fed6-7fbd-4c90-987c-25a92466f713
X-VSS-SenderDeploymentId: 13a19993-c6bc-326c-afb4-32c5519f46f0
X-TFS-ServiceError: The+user+%27System%3aPublicAccess%3baaaaaaaa-aaaa-aaaa-aaaa-aaaaaaaaaaaa%27+is+not+authorized+to+access+this+resource.
X-VSS-S2STargetService: 0000005A-0000-8888-8000-000000000000/visualstudio.com
X-MSEdge-Ref: Ref A: 41C71453B14C4B0289DD7A5039CED935 Ref B: WSTEDGE0607 Ref C: 2020-11-05T16:34:22Z
Date: Thu, 05 Nov 2020 16:34:21 GMT

[2020-11-05 16:34:22Z INFO RSAFileKeyManager] Loading RSA key parameters from file /home/ubuntu/assignment2-yixianLu/actions-runner/.credentials_rsaparams
[2020-11-05 16:34:22Z INFO RSAFileKeyManager] Loading RSA key parameters from file /home/ubuntu/assignment2-yixianLu/actions-runner/.credentials_rsaparams
[2020-11-05 16:34:22Z INFO GitHubActionsService] AAD Correlation ID for this token request: Unknown
[2020-11-05 16:34:22Z INFO MessageListener] Session created.
[2020-11-05 16:34:22Z INFO Terminal] WRITE LINE: 2020-11-05 16:34:22Z: Listening for Jobs
[2020-11-05 16:34:22Z INFO JobDispatcher] Set runner/worker IPC timeout to 30 seconds.
[2020-11-05 16:34:26Z INFO RSAFileKeyManager] Loading RSA key parameters from file /home/ubuntu/assignment2-yixianLu/actions-runner/.credentials_rsaparams
[2020-11-05 16:34:26Z INFO MessageListener] Message '25' received from session '238f6bd9-1f75-49b3-a9dc-045e08061ec0'.
[2020-11-05 16:34:26Z INFO JobDispatcher] Job request 25 for plan 550ffae5-76d1-4e51-af79-0bacb87a3131 job ca395085-040a-526b-2ce8-bdc85f692774 received.
[2020-11-05 16:34:26Z INFO JobDispatcher] Pull OrchestrationId 550ffae5-76d1-4e51-af79-0bacb87a3131.build.__default from JWT claims
[2020-11-05 16:34:26Z INFO Terminal] WRITE LINE: 2020-11-05 16:34:26Z: Running job: Pytest & Flake8
[2020-11-05 16:34:26Z INFO JobDispatcher] Start renew job request 25 for job ca395085-040a-526b-2ce8-bdc85f692774.
[2020-11-05 16:34:27Z INFO JobDispatcher] Successfully renew job request 25, job is valid till 11/05/2020 16:44:27
[2020-11-05 16:34:27Z INFO HostContext] Well known directory 'Bin': '/home/ubuntu/assignment2-yixianLu/actions-runner/bin'
[2020-11-05 16:34:27Z INFO ProcessInvokerWrapper] Starting process:
[2020-11-05 16:34:27Z INFO ProcessInvokerWrapper]   File name: '/home/ubuntu/assignment2-yixianLu/actions-runner/bin/Runner.Worker'
[2020-11-05 16:34:27Z INFO ProcessInvokerWrapper]   Arguments: 'spawnclient 99 102'
[2020-11-05 16:34:27Z INFO ProcessInvokerWrapper]   Working directory: '/home/ubuntu/assignment2-yixianLu/actions-runner/bin'
[2020-11-05 16:34:27Z INFO ProcessInvokerWrapper]   Require exit code zero: 'False'
[2020-11-05 16:34:27Z INFO ProcessInvokerWrapper]   Encoding web name:  ; code page: ''
[2020-11-05 16:34:27Z INFO ProcessInvokerWrapper]   Force kill process on cancellation: 'True'
[2020-11-05 16:34:27Z INFO ProcessInvokerWrapper]   Redirected STDIN: 'False'
[2020-11-05 16:34:27Z INFO ProcessInvokerWrapper]   Persist current code page: 'False'
[2020-11-05 16:34:27Z INFO ProcessInvokerWrapper]   Keep redirected STDIN open: 'False'
[2020-11-05 16:34:27Z INFO ProcessInvokerWrapper]   High priority process: 'True'
[2020-11-05 16:34:27Z INFO ProcessInvokerWrapper] Process started with process id 5721, waiting for process exit.
[2020-11-05 16:34:27Z INFO JobDispatcher] Send job request message to worker for job ca395085-040a-526b-2ce8-bdc85f692774.
[2020-11-05 16:34:27Z INFO JobNotification] Entering JobStarted Notification
[2020-11-05 16:34:27Z INFO JobNotification] Entering StartMonitor
[2020-11-05 16:34:38Z INFO ProcessInvokerWrapper] STDOUT/STDERR stream read finished.
[2020-11-05 16:34:38Z INFO ProcessInvokerWrapper] STDOUT/STDERR stream read finished.
[2020-11-05 16:34:38Z INFO ProcessInvokerWrapper] Finished process 5721 with exit code 102, and elapsed time 00:00:11.7970070.
[2020-11-05 16:34:38Z INFO JobDispatcher] Worker finished for job ca395085-040a-526b-2ce8-bdc85f692774. Code: 102
[2020-11-05 16:34:38Z INFO JobDispatcher] finish job request for job ca395085-040a-526b-2ce8-bdc85f692774 with result: Failed
[2020-11-05 16:34:38Z INFO Terminal] WRITE LINE: 2020-11-05 16:34:38Z: Job Pytest & Flake8 completed with result: Failed
[2020-11-05 16:34:38Z INFO JobDispatcher] Stop renew job request for job ca395085-040a-526b-2ce8-bdc85f692774.
[2020-11-05 16:34:38Z INFO JobDispatcher] job renew has been canceled, stop renew job request 25.
[2020-11-05 16:34:38Z INFO JobNotification] Entering JobCompleted Notification
[2020-11-05 16:34:38Z INFO JobNotification] Entering EndMonitor
[2020-11-05 16:34:51Z INFO Terminal] WRITE LINE: Exiting...
[2020-11-05 16:34:51Z INFO ConfigurationStore] IsServiceConfigured()
[2020-11-05 16:34:51Z INFO ConfigurationStore] IsServiceConfigured: False
[2020-11-05 16:34:51Z INFO HostContext] Runner will be shutdown for UserCancelled
[2020-11-05 16:34:51Z WARN GitHubActionsService] GET request to https://pipelines.actions.githubusercontent.com/SlfxfpiHaA8t9bO3tik5wAhm7FVPtFt8fHahD0YDOzro3EeyeD/_apis/distributedtask/pools/1/messages?sessionId=238f6bd9-1f75-49b3-a9dc-045e08061ec0&lastMessageId=25 has been cancelled.
[2020-11-05 16:34:51Z INFO MessageListener] Get next message has been cancelled.
[2020-11-05 16:34:51Z INFO JobDispatcher] Shutting down JobDispatcher. Make sure all WorkerDispatcher has finished.
[2020-11-05 16:34:51Z INFO JobDispatcher] Ensure WorkerDispather for job ca395085-040a-526b-2ce8-bdc85f692774 run to finish, cancel any running job.
[2020-11-05 16:34:51Z INFO JobDispatcher] Job request ca395085-040a-526b-2ce8-bdc85f692774 processed succeed.
[2020-11-05 16:34:52Z INFO Listener] Runner execution been cancelled.
