[2020-11-05 17:18:26Z INFO HostContext] No proxy settings were found based on environmental variables (http_proxy/https_proxy/HTTP_PROXY/HTTPS_PROXY)
[2020-11-05 17:18:26Z INFO HostContext] Well known directory 'Bin': '/home/ubuntu/assignment2-yixianLu/actions-runner/bin'
[2020-11-05 17:18:26Z INFO HostContext] Well known directory 'Root': '/home/ubuntu/assignment2-yixianLu/actions-runner'
[2020-11-05 17:18:26Z INFO HostContext] Well known config file 'Credentials': '/home/ubuntu/assignment2-yixianLu/actions-runner/.credentials'
[2020-11-05 17:18:26Z INFO Listener] Runner is built for Linux (X64) - linux-x64.
[2020-11-05 17:18:26Z INFO Listener] RuntimeInformation: Linux 4.15.0-118-generic #119-Ubuntu SMP Tue Sep 8 12:30:01 UTC 2020.
[2020-11-05 17:18:26Z INFO Listener] Version: 2.273.6
[2020-11-05 17:18:26Z INFO Listener] Commit: ad745669526010737d2ac2dcd10de80732e8390d
[2020-11-05 17:18:26Z INFO Listener] Culture: 
[2020-11-05 17:18:26Z INFO Listener] UI Culture: 
[2020-11-05 17:18:26Z INFO HostContext] Well known directory 'Bin': '/home/ubuntu/assignment2-yixianLu/actions-runner/bin'
[2020-11-05 17:18:26Z INFO HostContext] Well known directory 'Root': '/home/ubuntu/assignment2-yixianLu/actions-runner'
[2020-11-05 17:18:26Z INFO Listener] Validating directory permissions for: '/home/ubuntu/assignment2-yixianLu/actions-runner'
[2020-11-05 17:18:26Z INFO CommandLineParser] Parse
[2020-11-05 17:18:26Z INFO CommandLineParser] Parsing 1 args
[2020-11-05 17:18:26Z INFO CommandLineParser] parsing argument
[2020-11-05 17:18:26Z INFO CommandLineParser] HasArgs: False
[2020-11-05 17:18:26Z INFO CommandLineParser] Adding Command: run
[2020-11-05 17:18:26Z INFO Listener] Arguments parsed
[2020-11-05 17:18:26Z INFO Runner] ExecuteCommand
[2020-11-05 17:18:26Z INFO ConfigurationStore] currentAssemblyLocation: /home/ubuntu/assignment2-yixianLu/actions-runner/bin/Runner.Listener.dll
[2020-11-05 17:18:26Z INFO HostContext] Well known directory 'Bin': '/home/ubuntu/assignment2-yixianLu/actions-runner/bin'
[2020-11-05 17:18:26Z INFO ConfigurationStore] binPath: /home/ubuntu/assignment2-yixianLu/actions-runner/bin
[2020-11-05 17:18:26Z INFO HostContext] Well known directory 'Bin': '/home/ubuntu/assignment2-yixianLu/actions-runner/bin'
[2020-11-05 17:18:26Z INFO HostContext] Well known directory 'Root': '/home/ubuntu/assignment2-yixianLu/actions-runner'
[2020-11-05 17:18:26Z INFO ConfigurationStore] RootFolder: /home/ubuntu/assignment2-yixianLu/actions-runner
[2020-11-05 17:18:26Z INFO HostContext] Well known directory 'Bin': '/home/ubuntu/assignment2-yixianLu/actions-runner/bin'
[2020-11-05 17:18:26Z INFO HostContext] Well known directory 'Root': '/home/ubuntu/assignment2-yixianLu/actions-runner'
[2020-11-05 17:18:26Z INFO HostContext] Well known config file 'Runner': '/home/ubuntu/assignment2-yixianLu/actions-runner/.runner'
[2020-11-05 17:18:26Z INFO ConfigurationStore] ConfigFilePath: /home/ubuntu/assignment2-yixianLu/actions-runner/.runner
[2020-11-05 17:18:26Z INFO HostContext] Well known directory 'Bin': '/home/ubuntu/assignment2-yixianLu/actions-runner/bin'
[2020-11-05 17:18:26Z INFO HostContext] Well known directory 'Root': '/home/ubuntu/assignment2-yixianLu/actions-runner'
[2020-11-05 17:18:26Z INFO HostContext] Well known config file 'Credentials': '/home/ubuntu/assignment2-yixianLu/actions-runner/.credentials'
[2020-11-05 17:18:26Z INFO ConfigurationStore] CredFilePath: /home/ubuntu/assignment2-yixianLu/actions-runner/.credentials
[2020-11-05 17:18:26Z INFO HostContext] Well known directory 'Bin': '/home/ubuntu/assignment2-yixianLu/actions-runner/bin'
[2020-11-05 17:18:26Z INFO HostContext] Well known directory 'Root': '/home/ubuntu/assignment2-yixianLu/actions-runner'
[2020-11-05 17:18:26Z INFO HostContext] Well known config file 'MigratedCredentials': '/home/ubuntu/assignment2-yixianLu/actions-runner/.credentials_migrated'
[2020-11-05 17:18:26Z INFO ConfigurationStore] MigratedCredFilePath: /home/ubuntu/assignment2-yixianLu/actions-runner/.credentials_migrated
[2020-11-05 17:18:26Z INFO HostContext] Well known directory 'Bin': '/home/ubuntu/assignment2-yixianLu/actions-runner/bin'
[2020-11-05 17:18:26Z INFO HostContext] Well known directory 'Root': '/home/ubuntu/assignment2-yixianLu/actions-runner'
[2020-11-05 17:18:26Z INFO HostContext] Well known config file 'Service': '/home/ubuntu/assignment2-yixianLu/actions-runner/.service'
[2020-11-05 17:18:26Z INFO ConfigurationStore] ServiceConfigFilePath: /home/ubuntu/assignment2-yixianLu/actions-runner/.service
[2020-11-05 17:18:26Z INFO CommandSettings] Flag 'help': 'False'
[2020-11-05 17:18:26Z INFO CommandSettings] Flag 'version': 'False'
[2020-11-05 17:18:26Z INFO CommandSettings] Flag 'commit': 'False'
[2020-11-05 17:18:26Z INFO CommandSettings] Command 'configure': 'False'
[2020-11-05 17:18:26Z INFO CommandSettings] Command 'remove': 'False'
[2020-11-05 17:18:26Z INFO CommandSettings] Command 'warmup': 'False'
[2020-11-05 17:18:26Z INFO ConfigurationManager] LoadSettings
[2020-11-05 17:18:26Z INFO ConfigurationStore] IsConfigured()
[2020-11-05 17:18:26Z INFO ConfigurationStore] IsConfigured: True
[2020-11-05 17:18:26Z INFO ConfigurationManager] Is configured: True
[2020-11-05 17:18:26Z INFO ConfigurationStore] Read setting file: 319 chars
[2020-11-05 17:18:26Z INFO ConfigurationManager] Settings Loaded
[2020-11-05 17:18:26Z INFO ConfigurationStore] IsServiceConfigured()
[2020-11-05 17:18:26Z INFO ConfigurationStore] IsServiceConfigured: False
[2020-11-05 17:18:26Z INFO CommandSettings] Command 'run': 'True'
[2020-11-05 17:18:26Z INFO ConfigurationStore] IsConfigured()
[2020-11-05 17:18:26Z INFO ConfigurationStore] IsConfigured: True
[2020-11-05 17:18:26Z INFO ConfigurationManager] Is configured: True
[2020-11-05 17:18:26Z INFO Runner] Could not parse the argument value '' for StartupType. Defaulting to Manual
[2020-11-05 17:18:26Z INFO Runner] Set runner startup type - Manual
[2020-11-05 17:18:26Z INFO CommandSettings] Flag 'once': 'False'
[2020-11-05 17:18:26Z INFO Runner] RunAsync
[2020-11-05 17:18:26Z INFO ConfigurationManager] LoadSettings
[2020-11-05 17:18:26Z INFO ConfigurationStore] IsConfigured()
[2020-11-05 17:18:26Z INFO ConfigurationStore] IsConfigured: True
[2020-11-05 17:18:26Z INFO ConfigurationManager] Is configured: True
[2020-11-05 17:18:26Z INFO ConfigurationManager] Settings Loaded
[2020-11-05 17:18:26Z INFO MessageListener] {
  "AgentId": 2,
  "AgentName": "cmput401-assignment2_yxl",
  "PoolId": 1,
  "PoolName": "Default",
  "ServerUrl": "https://pipelines.actions.githubusercontent.com/SlfxfpiHaA8t9bO3tik5wAhm7FVPtFt8fHahD0YDOzro3EeyeD",
  "GitHubUrl": "https://github.com/UAlberta-CMPUT401/assignment2-yixianLu",
  "WorkFolder": "_work"
}
[2020-11-05 17:18:26Z INFO MessageListener] Loading Credentials
[2020-11-05 17:18:26Z INFO ConfigurationStore] HasCredentials()
[2020-11-05 17:18:26Z INFO ConfigurationStore] stored True
[2020-11-05 17:18:26Z INFO CredentialManager] GetCredentialProvider
[2020-11-05 17:18:26Z INFO CredentialManager] Creating type OAuth
[2020-11-05 17:18:26Z INFO CredentialManager] Creating credential type: OAuth
[2020-11-05 17:18:26Z INFO HostContext] Well known directory 'Bin': '/home/ubuntu/assignment2-yixianLu/actions-runner/bin'
[2020-11-05 17:18:26Z INFO HostContext] Well known directory 'Root': '/home/ubuntu/assignment2-yixianLu/actions-runner'
[2020-11-05 17:18:26Z INFO HostContext] Well known config file 'RSACredentials': '/home/ubuntu/assignment2-yixianLu/actions-runner/.credentials_rsaparams'
[2020-11-05 17:18:26Z INFO RSAFileKeyManager] Loading RSA key parameters from file /home/ubuntu/assignment2-yixianLu/actions-runner/.credentials_rsaparams
[2020-11-05 17:18:27Z INFO MessageListener] Attempt to create session.
[2020-11-05 17:18:27Z INFO MessageListener] Connecting to the Runner Server...
[2020-11-05 17:18:27Z INFO RunnerServer] Establish connection with 100 seconds timeout.
[2020-11-05 17:18:27Z INFO GitHubActionsService] Starting operation Location.GetConnectionData
[2020-11-05 17:18:27Z INFO RunnerServer] Establish connection with 60 seconds timeout.
[2020-11-05 17:18:27Z INFO GitHubActionsService] Starting operation Location.GetConnectionData
[2020-11-05 17:18:27Z INFO RunnerServer] Establish connection with 60 seconds timeout.
[2020-11-05 17:18:27Z INFO GitHubActionsService] Starting operation Location.GetConnectionData
[2020-11-05 17:18:27Z INFO GitHubActionsService] Finished operation Location.GetConnectionData
[2020-11-05 17:18:27Z INFO GitHubActionsService] Finished operation Location.GetConnectionData
[2020-11-05 17:18:27Z INFO GitHubActionsService] Finished operation Location.GetConnectionData
[2020-11-05 17:18:27Z INFO MessageListener] VssConnection created
[2020-11-05 17:18:27Z INFO Terminal] WRITE LINE: 
[2020-11-05 17:18:27Z INFO Terminal] WRITE LINE: 
[2020-11-05 17:18:28Z WARN GitHubActionsService] Authentication failed with status code 401.
Transfer-Encoding: chunked
WWW-Authenticate: Bearer
Strict-Transport-Security: max-age=2592000
X-TFS-ProcessId: 0502d3db-7e48-48e2-b3bc-e1ec0d45d1d6
ActivityId: 0d09430a-e8b3-474e-b543-b6563348bca5
X-TFS-Session: f7c5dab1-c56f-43ad-b989-e212a5ba14de
X-VSS-E2EID: 116b1ac8-a3c7-4f0e-88d9-6dd66041f6b2
X-VSS-SenderDeploymentId: 13a19993-c6bc-326c-afb4-32c5519f46f0
X-TFS-ServiceError: The+user+%27System%3aPublicAccess%3baaaaaaaa-aaaa-aaaa-aaaa-aaaaaaaaaaaa%27+is+not+authorized+to+access+this+resource.
X-VSS-S2STargetService: 0000005A-0000-8888-8000-000000000000/visualstudio.com
X-MSEdge-Ref: Ref A: 5CE1A5A8DC6447C0B177D4E94A7CA130 Ref B: WSTEDGE0911 Ref C: 2020-11-05T17:18:28Z
Date: Thu, 05 Nov 2020 17:18:27 GMT

[2020-11-05 17:18:28Z INFO RSAFileKeyManager] Loading RSA key parameters from file /home/ubuntu/assignment2-yixianLu/actions-runner/.credentials_rsaparams
[2020-11-05 17:18:28Z INFO RSAFileKeyManager] Loading RSA key parameters from file /home/ubuntu/assignment2-yixianLu/actions-runner/.credentials_rsaparams
[2020-11-05 17:18:28Z INFO GitHubActionsService] AAD Correlation ID for this token request: Unknown
[2020-11-05 17:18:28Z INFO MessageListener] Session created.
[2020-11-05 17:18:28Z INFO Terminal] WRITE LINE: 2020-11-05 17:18:28Z: Listening for Jobs
[2020-11-05 17:18:28Z INFO JobDispatcher] Set runner/worker IPC timeout to 30 seconds.
[2020-11-05 17:18:31Z INFO RSAFileKeyManager] Loading RSA key parameters from file /home/ubuntu/assignment2-yixianLu/actions-runner/.credentials_rsaparams
[2020-11-05 17:18:31Z INFO MessageListener] Message '30' received from session '8471176c-4b54-4f6b-b4ef-e73ff630b91f'.
[2020-11-05 17:18:31Z INFO JobDispatcher] Job request 30 for plan a504b0bb-e9f1-48ed-98af-14e8c4de4324 job ca395085-040a-526b-2ce8-bdc85f692774 received.
[2020-11-05 17:18:31Z INFO JobDispatcher] Pull OrchestrationId a504b0bb-e9f1-48ed-98af-14e8c4de4324.build.__default from JWT claims
[2020-11-05 17:18:31Z INFO Terminal] WRITE LINE: 2020-11-05 17:18:31Z: Running job: Pytest & Flake8
[2020-11-05 17:18:31Z INFO JobDispatcher] Start renew job request 30 for job ca395085-040a-526b-2ce8-bdc85f692774.
[2020-11-05 17:18:32Z INFO JobDispatcher] Successfully renew job request 30, job is valid till 11/05/2020 17:28:32
[2020-11-05 17:18:32Z INFO HostContext] Well known directory 'Bin': '/home/ubuntu/assignment2-yixianLu/actions-runner/bin'
[2020-11-05 17:18:32Z INFO ProcessInvokerWrapper] Starting process:
[2020-11-05 17:18:32Z INFO ProcessInvokerWrapper]   File name: '/home/ubuntu/assignment2-yixianLu/actions-runner/bin/Runner.Worker'
[2020-11-05 17:18:32Z INFO ProcessInvokerWrapper]   Arguments: 'spawnclient 99 102'
[2020-11-05 17:18:32Z INFO ProcessInvokerWrapper]   Working directory: '/home/ubuntu/assignment2-yixianLu/actions-runner/bin'
[2020-11-05 17:18:32Z INFO ProcessInvokerWrapper]   Require exit code zero: 'False'
[2020-11-05 17:18:32Z INFO ProcessInvokerWrapper]   Encoding web name:  ; code page: ''
[2020-11-05 17:18:32Z INFO ProcessInvokerWrapper]   Force kill process on cancellation: 'True'
[2020-11-05 17:18:32Z INFO ProcessInvokerWrapper]   Redirected STDIN: 'False'
[2020-11-05 17:18:32Z INFO ProcessInvokerWrapper]   Persist current code page: 'False'
[2020-11-05 17:18:32Z INFO ProcessInvokerWrapper]   Keep redirected STDIN open: 'False'
[2020-11-05 17:18:32Z INFO ProcessInvokerWrapper]   High priority process: 'True'
[2020-11-05 17:18:32Z INFO ProcessInvokerWrapper] Process started with process id 9102, waiting for process exit.
[2020-11-05 17:18:32Z INFO JobDispatcher] Send job request message to worker for job ca395085-040a-526b-2ce8-bdc85f692774.
[2020-11-05 17:18:32Z INFO JobNotification] Entering JobStarted Notification
[2020-11-05 17:18:32Z INFO JobNotification] Entering StartMonitor
[2020-11-05 17:18:58Z INFO ProcessInvokerWrapper] STDOUT/STDERR stream read finished.
[2020-11-05 17:18:58Z INFO ProcessInvokerWrapper] STDOUT/STDERR stream read finished.
[2020-11-05 17:18:58Z INFO ProcessInvokerWrapper] Finished process 9102 with exit code 102, and elapsed time 00:00:26.1297932.
[2020-11-05 17:18:58Z INFO JobDispatcher] Worker finished for job ca395085-040a-526b-2ce8-bdc85f692774. Code: 102
[2020-11-05 17:18:58Z INFO JobDispatcher] finish job request for job ca395085-040a-526b-2ce8-bdc85f692774 with result: Failed
[2020-11-05 17:18:58Z INFO Terminal] WRITE LINE: 2020-11-05 17:18:58Z: Job Pytest & Flake8 completed with result: Failed
[2020-11-05 17:18:58Z INFO JobDispatcher] Stop renew job request for job ca395085-040a-526b-2ce8-bdc85f692774.
[2020-11-05 17:18:58Z INFO JobDispatcher] job renew has been canceled, stop renew job request 30.
[2020-11-05 17:18:58Z INFO JobNotification] Entering JobCompleted Notification
[2020-11-05 17:18:58Z INFO JobNotification] Entering EndMonitor
[2020-11-05 17:25:07Z INFO RSAFileKeyManager] Loading RSA key parameters from file /home/ubuntu/assignment2-yixianLu/actions-runner/.credentials_rsaparams
[2020-11-05 17:25:07Z INFO MessageListener] Message '31' received from session '8471176c-4b54-4f6b-b4ef-e73ff630b91f'.
[2020-11-05 17:25:07Z INFO JobDispatcher] Job request 31 for plan e27e2cc7-0fec-4be7-a7e8-96c8b759bffd job ca395085-040a-526b-2ce8-bdc85f692774 received.
[2020-11-05 17:25:07Z INFO JobDispatcher] Pull OrchestrationId e27e2cc7-0fec-4be7-a7e8-96c8b759bffd.build.__default from JWT claims
[2020-11-05 17:25:07Z INFO JobDispatcher] Job request ca395085-040a-526b-2ce8-bdc85f692774 processed succeed.
[2020-11-05 17:25:07Z INFO Terminal] WRITE LINE: 2020-11-05 17:25:07Z: Running job: Pytest & Flake8
[2020-11-05 17:25:07Z INFO JobDispatcher] Start renew job request 31 for job ca395085-040a-526b-2ce8-bdc85f692774.
[2020-11-05 17:25:08Z INFO JobDispatcher] Successfully renew job request 31, job is valid till 11/05/2020 17:35:08
[2020-11-05 17:25:08Z INFO HostContext] Well known directory 'Bin': '/home/ubuntu/assignment2-yixianLu/actions-runner/bin'
[2020-11-05 17:25:08Z INFO ProcessInvokerWrapper] Starting process:
[2020-11-05 17:25:08Z INFO ProcessInvokerWrapper]   File name: '/home/ubuntu/assignment2-yixianLu/actions-runner/bin/Runner.Worker'
[2020-11-05 17:25:08Z INFO ProcessInvokerWrapper]   Arguments: 'spawnclient 86 101'
[2020-11-05 17:25:08Z INFO ProcessInvokerWrapper]   Working directory: '/home/ubuntu/assignment2-yixianLu/actions-runner/bin'
[2020-11-05 17:25:08Z INFO ProcessInvokerWrapper]   Require exit code zero: 'False'
[2020-11-05 17:25:08Z INFO ProcessInvokerWrapper]   Encoding web name:  ; code page: ''
[2020-11-05 17:25:08Z INFO ProcessInvokerWrapper]   Force kill process on cancellation: 'True'
[2020-11-05 17:25:08Z INFO ProcessInvokerWrapper]   Redirected STDIN: 'False'
[2020-11-05 17:25:08Z INFO ProcessInvokerWrapper]   Persist current code page: 'False'
[2020-11-05 17:25:08Z INFO ProcessInvokerWrapper]   Keep redirected STDIN open: 'False'
[2020-11-05 17:25:08Z INFO ProcessInvokerWrapper]   High priority process: 'True'
[2020-11-05 17:25:08Z INFO ProcessInvokerWrapper] Process started with process id 9870, waiting for process exit.
[2020-11-05 17:25:08Z INFO JobDispatcher] Send job request message to worker for job ca395085-040a-526b-2ce8-bdc85f692774.
[2020-11-05 17:25:08Z INFO JobNotification] Entering JobStarted Notification
[2020-11-05 17:25:08Z INFO JobNotification] Entering StartMonitor
[2020-11-05 17:25:17Z INFO Terminal] WRITE LINE: Exiting...
[2020-11-05 17:25:17Z INFO ConfigurationStore] IsServiceConfigured()
[2020-11-05 17:25:17Z INFO ConfigurationStore] IsServiceConfigured: False
[2020-11-05 17:25:17Z INFO HostContext] Runner will be shutdown for UserCancelled
[2020-11-05 17:25:17Z WARN GitHubActionsService] GET request to https://pipelines.actions.githubusercontent.com/SlfxfpiHaA8t9bO3tik5wAhm7FVPtFt8fHahD0YDOzro3EeyeD/_apis/distributedtask/pools/1/messages?sessionId=8471176c-4b54-4f6b-b4ef-e73ff630b91f&lastMessageId=31 has been cancelled.
[2020-11-05 17:25:17Z INFO MessageListener] Get next message has been cancelled.
[2020-11-05 17:25:17Z INFO JobDispatcher] Shutting down JobDispatcher. Make sure all WorkerDispatcher has finished.
[2020-11-05 17:25:17Z INFO JobDispatcher] Ensure WorkerDispather for job ca395085-040a-526b-2ce8-bdc85f692774 run to finish, cancel any running job.
[2020-11-05 17:25:17Z INFO JobDispatcher] Send job cancellation message to worker for job ca395085-040a-526b-2ce8-bdc85f692774.
[2020-11-05 17:25:19Z INFO ProcessInvokerWrapper] STDOUT/STDERR stream read finished.
[2020-11-05 17:25:19Z INFO ProcessInvokerWrapper] STDOUT/STDERR stream read finished.
[2020-11-05 17:25:19Z INFO ProcessInvokerWrapper] Finished process 9870 with exit code 103, and elapsed time 00:00:10.9655080.
[2020-11-05 17:25:19Z INFO JobDispatcher] finish job request for job ca395085-040a-526b-2ce8-bdc85f692774 with result: Canceled
[2020-11-05 17:25:19Z INFO Terminal] WRITE LINE: 2020-11-05 17:25:19Z: Job Pytest & Flake8 completed with result: Canceled
[2020-11-05 17:25:19Z INFO JobDispatcher] Stop renew job request for job ca395085-040a-526b-2ce8-bdc85f692774.
[2020-11-05 17:25:19Z INFO JobDispatcher] job renew has been canceled, stop renew job request 31.
[2020-11-05 17:25:19Z INFO JobNotification] Entering JobCompleted Notification
[2020-11-05 17:25:19Z INFO JobNotification] Entering EndMonitor
[2020-11-05 17:25:19Z INFO Listener] Runner execution been cancelled.
