[2020-11-06 01:47:13Z INFO HostContext] No proxy settings were found based on environmental variables (http_proxy/https_proxy/HTTP_PROXY/HTTPS_PROXY)
[2020-11-06 01:47:13Z INFO HostContext] Well known directory 'Bin': '/home/ubuntu/assignment2-yixianLu/actions-runner/bin'
[2020-11-06 01:47:13Z INFO HostContext] Well known directory 'Root': '/home/ubuntu/assignment2-yixianLu/actions-runner'
[2020-11-06 01:47:13Z INFO HostContext] Well known config file 'Credentials': '/home/ubuntu/assignment2-yixianLu/actions-runner/.credentials'
[2020-11-06 01:47:13Z INFO Listener] Runner is built for Linux (X64) - linux-x64.
[2020-11-06 01:47:13Z INFO Listener] RuntimeInformation: Linux 4.15.0-118-generic #119-Ubuntu SMP Tue Sep 8 12:30:01 UTC 2020.
[2020-11-06 01:47:13Z INFO Listener] Version: 2.273.6
[2020-11-06 01:47:13Z INFO Listener] Commit: ad745669526010737d2ac2dcd10de80732e8390d
[2020-11-06 01:47:13Z INFO Listener] Culture: 
[2020-11-06 01:47:13Z INFO Listener] UI Culture: 
[2020-11-06 01:47:13Z INFO HostContext] Well known directory 'Bin': '/home/ubuntu/assignment2-yixianLu/actions-runner/bin'
[2020-11-06 01:47:13Z INFO HostContext] Well known directory 'Root': '/home/ubuntu/assignment2-yixianLu/actions-runner'
[2020-11-06 01:47:13Z INFO Listener] Validating directory permissions for: '/home/ubuntu/assignment2-yixianLu/actions-runner'
[2020-11-06 01:47:13Z INFO CommandLineParser] Parse
[2020-11-06 01:47:13Z INFO CommandLineParser] Parsing 1 args
[2020-11-06 01:47:13Z INFO CommandLineParser] parsing argument
[2020-11-06 01:47:13Z INFO CommandLineParser] HasArgs: False
[2020-11-06 01:47:13Z INFO CommandLineParser] Adding Command: run
[2020-11-06 01:47:13Z INFO Listener] Arguments parsed
[2020-11-06 01:47:13Z INFO Runner] ExecuteCommand
[2020-11-06 01:47:13Z INFO ConfigurationStore] currentAssemblyLocation: /home/ubuntu/assignment2-yixianLu/actions-runner/bin/Runner.Listener.dll
[2020-11-06 01:47:13Z INFO HostContext] Well known directory 'Bin': '/home/ubuntu/assignment2-yixianLu/actions-runner/bin'
[2020-11-06 01:47:13Z INFO ConfigurationStore] binPath: /home/ubuntu/assignment2-yixianLu/actions-runner/bin
[2020-11-06 01:47:13Z INFO HostContext] Well known directory 'Bin': '/home/ubuntu/assignment2-yixianLu/actions-runner/bin'
[2020-11-06 01:47:13Z INFO HostContext] Well known directory 'Root': '/home/ubuntu/assignment2-yixianLu/actions-runner'
[2020-11-06 01:47:13Z INFO ConfigurationStore] RootFolder: /home/ubuntu/assignment2-yixianLu/actions-runner
[2020-11-06 01:47:13Z INFO HostContext] Well known directory 'Bin': '/home/ubuntu/assignment2-yixianLu/actions-runner/bin'
[2020-11-06 01:47:13Z INFO HostContext] Well known directory 'Root': '/home/ubuntu/assignment2-yixianLu/actions-runner'
[2020-11-06 01:47:13Z INFO HostContext] Well known config file 'Runner': '/home/ubuntu/assignment2-yixianLu/actions-runner/.runner'
[2020-11-06 01:47:13Z INFO ConfigurationStore] ConfigFilePath: /home/ubuntu/assignment2-yixianLu/actions-runner/.runner
[2020-11-06 01:47:13Z INFO HostContext] Well known directory 'Bin': '/home/ubuntu/assignment2-yixianLu/actions-runner/bin'
[2020-11-06 01:47:13Z INFO HostContext] Well known directory 'Root': '/home/ubuntu/assignment2-yixianLu/actions-runner'
[2020-11-06 01:47:13Z INFO HostContext] Well known config file 'Credentials': '/home/ubuntu/assignment2-yixianLu/actions-runner/.credentials'
[2020-11-06 01:47:13Z INFO ConfigurationStore] CredFilePath: /home/ubuntu/assignment2-yixianLu/actions-runner/.credentials
[2020-11-06 01:47:13Z INFO HostContext] Well known directory 'Bin': '/home/ubuntu/assignment2-yixianLu/actions-runner/bin'
[2020-11-06 01:47:13Z INFO HostContext] Well known directory 'Root': '/home/ubuntu/assignment2-yixianLu/actions-runner'
[2020-11-06 01:47:13Z INFO HostContext] Well known config file 'MigratedCredentials': '/home/ubuntu/assignment2-yixianLu/actions-runner/.credentials_migrated'
[2020-11-06 01:47:13Z INFO ConfigurationStore] MigratedCredFilePath: /home/ubuntu/assignment2-yixianLu/actions-runner/.credentials_migrated
[2020-11-06 01:47:13Z INFO HostContext] Well known directory 'Bin': '/home/ubuntu/assignment2-yixianLu/actions-runner/bin'
[2020-11-06 01:47:13Z INFO HostContext] Well known directory 'Root': '/home/ubuntu/assignment2-yixianLu/actions-runner'
[2020-11-06 01:47:13Z INFO HostContext] Well known config file 'Service': '/home/ubuntu/assignment2-yixianLu/actions-runner/.service'
[2020-11-06 01:47:13Z INFO ConfigurationStore] ServiceConfigFilePath: /home/ubuntu/assignment2-yixianLu/actions-runner/.service
[2020-11-06 01:47:13Z INFO CommandSettings] Flag 'help': 'False'
[2020-11-06 01:47:13Z INFO CommandSettings] Flag 'version': 'False'
[2020-11-06 01:47:13Z INFO CommandSettings] Flag 'commit': 'False'
[2020-11-06 01:47:13Z INFO CommandSettings] Command 'configure': 'False'
[2020-11-06 01:47:13Z INFO CommandSettings] Command 'remove': 'False'
[2020-11-06 01:47:13Z INFO CommandSettings] Command 'warmup': 'False'
[2020-11-06 01:47:13Z INFO ConfigurationManager] LoadSettings
[2020-11-06 01:47:13Z INFO ConfigurationStore] IsConfigured()
[2020-11-06 01:47:13Z INFO ConfigurationStore] IsConfigured: True
[2020-11-06 01:47:13Z INFO ConfigurationManager] Is configured: True
[2020-11-06 01:47:13Z INFO ConfigurationStore] Read setting file: 319 chars
[2020-11-06 01:47:13Z INFO ConfigurationManager] Settings Loaded
[2020-11-06 01:47:13Z INFO ConfigurationStore] IsServiceConfigured()
[2020-11-06 01:47:13Z INFO ConfigurationStore] IsServiceConfigured: False
[2020-11-06 01:47:13Z INFO CommandSettings] Command 'run': 'True'
[2020-11-06 01:47:13Z INFO ConfigurationStore] IsConfigured()
[2020-11-06 01:47:13Z INFO ConfigurationStore] IsConfigured: True
[2020-11-06 01:47:13Z INFO ConfigurationManager] Is configured: True
[2020-11-06 01:47:13Z INFO Runner] Could not parse the argument value '' for StartupType. Defaulting to Manual
[2020-11-06 01:47:13Z INFO Runner] Set runner startup type - Manual
[2020-11-06 01:47:13Z INFO CommandSettings] Flag 'once': 'False'
[2020-11-06 01:47:13Z INFO Runner] RunAsync
[2020-11-06 01:47:13Z INFO ConfigurationManager] LoadSettings
[2020-11-06 01:47:13Z INFO ConfigurationStore] IsConfigured()
[2020-11-06 01:47:13Z INFO ConfigurationStore] IsConfigured: True
[2020-11-06 01:47:13Z INFO ConfigurationManager] Is configured: True
[2020-11-06 01:47:13Z INFO ConfigurationManager] Settings Loaded
[2020-11-06 01:47:13Z INFO MessageListener] {
  "AgentId": 2,
  "AgentName": "cmput401-assignment2_yxl",
  "PoolId": 1,
  "PoolName": "Default",
  "ServerUrl": "https://pipelines.actions.githubusercontent.com/SlfxfpiHaA8t9bO3tik5wAhm7FVPtFt8fHahD0YDOzro3EeyeD",
  "GitHubUrl": "https://github.com/UAlberta-CMPUT401/assignment2-yixianLu",
  "WorkFolder": "_work"
}
[2020-11-06 01:47:13Z INFO MessageListener] Loading Credentials
[2020-11-06 01:47:13Z INFO ConfigurationStore] HasCredentials()
[2020-11-06 01:47:13Z INFO ConfigurationStore] stored True
[2020-11-06 01:47:13Z INFO CredentialManager] GetCredentialProvider
[2020-11-06 01:47:13Z INFO CredentialManager] Creating type OAuth
[2020-11-06 01:47:13Z INFO CredentialManager] Creating credential type: OAuth
[2020-11-06 01:47:13Z INFO HostContext] Well known directory 'Bin': '/home/ubuntu/assignment2-yixianLu/actions-runner/bin'
[2020-11-06 01:47:13Z INFO HostContext] Well known directory 'Root': '/home/ubuntu/assignment2-yixianLu/actions-runner'
[2020-11-06 01:47:13Z INFO HostContext] Well known config file 'RSACredentials': '/home/ubuntu/assignment2-yixianLu/actions-runner/.credentials_rsaparams'
[2020-11-06 01:47:13Z INFO RSAFileKeyManager] Loading RSA key parameters from file /home/ubuntu/assignment2-yixianLu/actions-runner/.credentials_rsaparams
[2020-11-06 01:47:13Z INFO MessageListener] Attempt to create session.
[2020-11-06 01:47:13Z INFO MessageListener] Connecting to the Runner Server...
[2020-11-06 01:47:13Z INFO RunnerServer] Establish connection with 100 seconds timeout.
[2020-11-06 01:47:13Z INFO GitHubActionsService] Starting operation Location.GetConnectionData
[2020-11-06 01:47:13Z INFO RunnerServer] Establish connection with 60 seconds timeout.
[2020-11-06 01:47:13Z INFO GitHubActionsService] Starting operation Location.GetConnectionData
[2020-11-06 01:47:13Z INFO RunnerServer] Establish connection with 60 seconds timeout.
[2020-11-06 01:47:13Z INFO GitHubActionsService] Starting operation Location.GetConnectionData
[2020-11-06 01:47:14Z INFO GitHubActionsService] Finished operation Location.GetConnectionData
[2020-11-06 01:47:14Z INFO GitHubActionsService] Finished operation Location.GetConnectionData
[2020-11-06 01:47:14Z INFO GitHubActionsService] Finished operation Location.GetConnectionData
[2020-11-06 01:47:14Z INFO GitHubActionsService] Starting operation Location.GetConnectionData
[2020-11-06 01:47:14Z INFO GitHubActionsService] Finished operation Location.GetConnectionData
[2020-11-06 01:47:14Z INFO MessageListener] VssConnection created
[2020-11-06 01:47:14Z INFO Terminal] WRITE LINE: 
[2020-11-06 01:47:14Z INFO Terminal] WRITE LINE: 
[2020-11-06 01:47:14Z WARN GitHubActionsService] Authentication failed with status code 401.
WWW-Authenticate: Bearer
Strict-Transport-Security: max-age=2592000
X-TFS-ProcessId: 0502d3db-7e48-48e2-b3bc-e1ec0d45d1d6
ActivityId: 0d81e857-e8b3-474e-b543-b6563348bca5
X-TFS-Session: 46d9584a-a540-47db-9a1c-81351bc545c9
X-VSS-E2EID: 002f94aa-98fd-46fd-a521-b76c3cba4fb3
X-VSS-SenderDeploymentId: 13a19993-c6bc-326c-afb4-32c5519f46f0
X-TFS-ServiceError: The+user+%27System%3aPublicAccess%3baaaaaaaa-aaaa-aaaa-aaaa-aaaaaaaaaaaa%27+is+not+authorized+to+access+this+resource.
X-VSS-S2STargetService: 0000005A-0000-8888-8000-000000000000/visualstudio.com
X-MSEdge-Ref: Ref A: C22E46EE4CDD44379E2F6E49ED09AE27 Ref B: WSTEDGE1119 Ref C: 2020-11-06T01:47:14Z
Date: Fri, 06 Nov 2020 01:47:14 GMT

[2020-11-06 01:47:14Z INFO RSAFileKeyManager] Loading RSA key parameters from file /home/ubuntu/assignment2-yixianLu/actions-runner/.credentials_rsaparams
[2020-11-06 01:47:14Z INFO RSAFileKeyManager] Loading RSA key parameters from file /home/ubuntu/assignment2-yixianLu/actions-runner/.credentials_rsaparams
[2020-11-06 01:47:15Z INFO GitHubActionsService] AAD Correlation ID for this token request: Unknown
[2020-11-06 01:47:15Z INFO MessageListener] Session created.
[2020-11-06 01:47:15Z INFO Terminal] WRITE LINE: 2020-11-06 01:47:15Z: Listening for Jobs
[2020-11-06 01:47:15Z INFO JobDispatcher] Set runner/worker IPC timeout to 30 seconds.
[2020-11-06 01:47:18Z INFO RSAFileKeyManager] Loading RSA key parameters from file /home/ubuntu/assignment2-yixianLu/actions-runner/.credentials_rsaparams
[2020-11-06 01:47:18Z INFO MessageListener] Message '35' received from session '8bbcdc92-cdd5-4b9a-8a14-fd35d28a6d5f'.
[2020-11-06 01:47:18Z INFO JobDispatcher] Job request 35 for plan 8bdc7bc3-ebd9-4932-8340-b43da4c32ac1 job ca395085-040a-526b-2ce8-bdc85f692774 received.
[2020-11-06 01:47:18Z INFO JobDispatcher] Pull OrchestrationId 8bdc7bc3-ebd9-4932-8340-b43da4c32ac1.build.__default from JWT claims
[2020-11-06 01:47:18Z INFO Terminal] WRITE LINE: 2020-11-06 01:47:18Z: Running job: Pytest & Flake8
[2020-11-06 01:47:18Z INFO JobDispatcher] Start renew job request 35 for job ca395085-040a-526b-2ce8-bdc85f692774.
[2020-11-06 01:47:19Z INFO JobDispatcher] Successfully renew job request 35, job is valid till 11/06/2020 01:57:18
[2020-11-06 01:47:19Z INFO HostContext] Well known directory 'Bin': '/home/ubuntu/assignment2-yixianLu/actions-runner/bin'
[2020-11-06 01:47:19Z INFO ProcessInvokerWrapper] Starting process:
[2020-11-06 01:47:19Z INFO ProcessInvokerWrapper]   File name: '/home/ubuntu/assignment2-yixianLu/actions-runner/bin/Runner.Worker'
[2020-11-06 01:47:19Z INFO ProcessInvokerWrapper]   Arguments: 'spawnclient 99 102'
[2020-11-06 01:47:19Z INFO ProcessInvokerWrapper]   Working directory: '/home/ubuntu/assignment2-yixianLu/actions-runner/bin'
[2020-11-06 01:47:19Z INFO ProcessInvokerWrapper]   Require exit code zero: 'False'
[2020-11-06 01:47:19Z INFO ProcessInvokerWrapper]   Encoding web name:  ; code page: ''
[2020-11-06 01:47:19Z INFO ProcessInvokerWrapper]   Force kill process on cancellation: 'True'
[2020-11-06 01:47:19Z INFO ProcessInvokerWrapper]   Redirected STDIN: 'False'
[2020-11-06 01:47:19Z INFO ProcessInvokerWrapper]   Persist current code page: 'False'
[2020-11-06 01:47:19Z INFO ProcessInvokerWrapper]   Keep redirected STDIN open: 'False'
[2020-11-06 01:47:19Z INFO ProcessInvokerWrapper]   High priority process: 'True'
[2020-11-06 01:47:19Z INFO ProcessInvokerWrapper] Process started with process id 13189, waiting for process exit.
[2020-11-06 01:47:19Z INFO JobDispatcher] Send job request message to worker for job ca395085-040a-526b-2ce8-bdc85f692774.
[2020-11-06 01:47:19Z INFO JobNotification] Entering JobStarted Notification
[2020-11-06 01:47:19Z INFO JobNotification] Entering StartMonitor
[2020-11-06 01:47:31Z INFO ProcessInvokerWrapper] STDOUT/STDERR stream read finished.
[2020-11-06 01:47:31Z INFO ProcessInvokerWrapper] STDOUT/STDERR stream read finished.
[2020-11-06 01:47:31Z INFO ProcessInvokerWrapper] Finished process 13189 with exit code 102, and elapsed time 00:00:12.3211297.
[2020-11-06 01:47:31Z INFO JobDispatcher] Worker finished for job ca395085-040a-526b-2ce8-bdc85f692774. Code: 102
[2020-11-06 01:47:31Z INFO JobDispatcher] finish job request for job ca395085-040a-526b-2ce8-bdc85f692774 with result: Failed
[2020-11-06 01:47:31Z INFO Terminal] WRITE LINE: 2020-11-06 01:47:31Z: Job Pytest & Flake8 completed with result: Failed
[2020-11-06 01:47:31Z INFO JobDispatcher] Stop renew job request for job ca395085-040a-526b-2ce8-bdc85f692774.
[2020-11-06 01:47:31Z INFO JobDispatcher] job renew has been canceled, stop renew job request 35.
[2020-11-06 01:47:31Z INFO JobNotification] Entering JobCompleted Notification
[2020-11-06 01:47:31Z INFO JobNotification] Entering EndMonitor
[2020-11-06 01:50:28Z INFO Terminal] WRITE LINE: Exiting...
[2020-11-06 01:50:28Z INFO ConfigurationStore] IsServiceConfigured()
[2020-11-06 01:50:28Z INFO ConfigurationStore] IsServiceConfigured: False
[2020-11-06 01:50:28Z INFO HostContext] Runner will be shutdown for UserCancelled
[2020-11-06 01:50:28Z WARN GitHubActionsService] GET request to https://pipelines.actions.githubusercontent.com/SlfxfpiHaA8t9bO3tik5wAhm7FVPtFt8fHahD0YDOzro3EeyeD/_apis/distributedtask/pools/1/messages?sessionId=8bbcdc92-cdd5-4b9a-8a14-fd35d28a6d5f&lastMessageId=35 has been cancelled.
[2020-11-06 01:50:28Z INFO MessageListener] Get next message has been cancelled.
[2020-11-06 01:50:28Z INFO JobDispatcher] Shutting down JobDispatcher. Make sure all WorkerDispatcher has finished.
[2020-11-06 01:50:28Z INFO JobDispatcher] Ensure WorkerDispather for job ca395085-040a-526b-2ce8-bdc85f692774 run to finish, cancel any running job.
[2020-11-06 01:50:28Z INFO JobDispatcher] Job request ca395085-040a-526b-2ce8-bdc85f692774 processed succeed.
[2020-11-06 01:50:28Z INFO Listener] Runner execution been cancelled.
