[2020-11-06 05:32:22Z INFO HostContext] No proxy settings were found based on environmental variables (http_proxy/https_proxy/HTTP_PROXY/HTTPS_PROXY)
[2020-11-06 05:32:22Z INFO HostContext] Well known directory 'Bin': '/home/ubuntu/assignment2-yixianLu/actions-runner/bin'
[2020-11-06 05:32:22Z INFO HostContext] Well known directory 'Root': '/home/ubuntu/assignment2-yixianLu/actions-runner'
[2020-11-06 05:32:22Z INFO HostContext] Well known config file 'Credentials': '/home/ubuntu/assignment2-yixianLu/actions-runner/.credentials'
[2020-11-06 05:32:22Z INFO Listener] Runner is built for Linux (X64) - linux-x64.
[2020-11-06 05:32:22Z INFO Listener] RuntimeInformation: Linux 4.15.0-118-generic #119-Ubuntu SMP Tue Sep 8 12:30:01 UTC 2020.
[2020-11-06 05:32:22Z INFO Listener] Version: 2.273.6
[2020-11-06 05:32:22Z INFO Listener] Commit: ad745669526010737d2ac2dcd10de80732e8390d
[2020-11-06 05:32:22Z INFO Listener] Culture: 
[2020-11-06 05:32:22Z INFO Listener] UI Culture: 
[2020-11-06 05:32:22Z INFO HostContext] Well known directory 'Bin': '/home/ubuntu/assignment2-yixianLu/actions-runner/bin'
[2020-11-06 05:32:22Z INFO HostContext] Well known directory 'Root': '/home/ubuntu/assignment2-yixianLu/actions-runner'
[2020-11-06 05:32:22Z INFO Listener] Validating directory permissions for: '/home/ubuntu/assignment2-yixianLu/actions-runner'
[2020-11-06 05:32:22Z INFO CommandLineParser] Parse
[2020-11-06 05:32:22Z INFO CommandLineParser] Parsing 1 args
[2020-11-06 05:32:22Z INFO CommandLineParser] parsing argument
[2020-11-06 05:32:22Z INFO CommandLineParser] HasArgs: False
[2020-11-06 05:32:22Z INFO CommandLineParser] Adding Command: run
[2020-11-06 05:32:22Z INFO Listener] Arguments parsed
[2020-11-06 05:32:22Z INFO Runner] ExecuteCommand
[2020-11-06 05:32:22Z INFO ConfigurationStore] currentAssemblyLocation: /home/ubuntu/assignment2-yixianLu/actions-runner/bin/Runner.Listener.dll
[2020-11-06 05:32:22Z INFO HostContext] Well known directory 'Bin': '/home/ubuntu/assignment2-yixianLu/actions-runner/bin'
[2020-11-06 05:32:22Z INFO ConfigurationStore] binPath: /home/ubuntu/assignment2-yixianLu/actions-runner/bin
[2020-11-06 05:32:22Z INFO HostContext] Well known directory 'Bin': '/home/ubuntu/assignment2-yixianLu/actions-runner/bin'
[2020-11-06 05:32:22Z INFO HostContext] Well known directory 'Root': '/home/ubuntu/assignment2-yixianLu/actions-runner'
[2020-11-06 05:32:22Z INFO ConfigurationStore] RootFolder: /home/ubuntu/assignment2-yixianLu/actions-runner
[2020-11-06 05:32:22Z INFO HostContext] Well known directory 'Bin': '/home/ubuntu/assignment2-yixianLu/actions-runner/bin'
[2020-11-06 05:32:22Z INFO HostContext] Well known directory 'Root': '/home/ubuntu/assignment2-yixianLu/actions-runner'
[2020-11-06 05:32:22Z INFO HostContext] Well known config file 'Runner': '/home/ubuntu/assignment2-yixianLu/actions-runner/.runner'
[2020-11-06 05:32:22Z INFO ConfigurationStore] ConfigFilePath: /home/ubuntu/assignment2-yixianLu/actions-runner/.runner
[2020-11-06 05:32:22Z INFO HostContext] Well known directory 'Bin': '/home/ubuntu/assignment2-yixianLu/actions-runner/bin'
[2020-11-06 05:32:22Z INFO HostContext] Well known directory 'Root': '/home/ubuntu/assignment2-yixianLu/actions-runner'
[2020-11-06 05:32:22Z INFO HostContext] Well known config file 'Credentials': '/home/ubuntu/assignment2-yixianLu/actions-runner/.credentials'
[2020-11-06 05:32:22Z INFO ConfigurationStore] CredFilePath: /home/ubuntu/assignment2-yixianLu/actions-runner/.credentials
[2020-11-06 05:32:22Z INFO HostContext] Well known directory 'Bin': '/home/ubuntu/assignment2-yixianLu/actions-runner/bin'
[2020-11-06 05:32:22Z INFO HostContext] Well known directory 'Root': '/home/ubuntu/assignment2-yixianLu/actions-runner'
[2020-11-06 05:32:22Z INFO HostContext] Well known config file 'MigratedCredentials': '/home/ubuntu/assignment2-yixianLu/actions-runner/.credentials_migrated'
[2020-11-06 05:32:22Z INFO ConfigurationStore] MigratedCredFilePath: /home/ubuntu/assignment2-yixianLu/actions-runner/.credentials_migrated
[2020-11-06 05:32:22Z INFO HostContext] Well known directory 'Bin': '/home/ubuntu/assignment2-yixianLu/actions-runner/bin'
[2020-11-06 05:32:22Z INFO HostContext] Well known directory 'Root': '/home/ubuntu/assignment2-yixianLu/actions-runner'
[2020-11-06 05:32:22Z INFO HostContext] Well known config file 'Service': '/home/ubuntu/assignment2-yixianLu/actions-runner/.service'
[2020-11-06 05:32:22Z INFO ConfigurationStore] ServiceConfigFilePath: /home/ubuntu/assignment2-yixianLu/actions-runner/.service
[2020-11-06 05:32:22Z INFO CommandSettings] Flag 'help': 'False'
[2020-11-06 05:32:22Z INFO CommandSettings] Flag 'version': 'False'
[2020-11-06 05:32:22Z INFO CommandSettings] Flag 'commit': 'False'
[2020-11-06 05:32:22Z INFO CommandSettings] Command 'configure': 'False'
[2020-11-06 05:32:22Z INFO CommandSettings] Command 'remove': 'False'
[2020-11-06 05:32:22Z INFO CommandSettings] Command 'warmup': 'False'
[2020-11-06 05:32:22Z INFO ConfigurationManager] LoadSettings
[2020-11-06 05:32:22Z INFO ConfigurationStore] IsConfigured()
[2020-11-06 05:32:22Z INFO ConfigurationStore] IsConfigured: True
[2020-11-06 05:32:22Z INFO ConfigurationManager] Is configured: True
[2020-11-06 05:32:22Z INFO ConfigurationStore] Read setting file: 319 chars
[2020-11-06 05:32:22Z INFO ConfigurationManager] Settings Loaded
[2020-11-06 05:32:22Z INFO ConfigurationStore] IsServiceConfigured()
[2020-11-06 05:32:22Z INFO ConfigurationStore] IsServiceConfigured: False
[2020-11-06 05:32:22Z INFO CommandSettings] Command 'run': 'True'
[2020-11-06 05:32:22Z INFO ConfigurationStore] IsConfigured()
[2020-11-06 05:32:22Z INFO ConfigurationStore] IsConfigured: True
[2020-11-06 05:32:22Z INFO ConfigurationManager] Is configured: True
[2020-11-06 05:32:22Z INFO Runner] Could not parse the argument value '' for StartupType. Defaulting to Manual
[2020-11-06 05:32:22Z INFO Runner] Set runner startup type - Manual
[2020-11-06 05:32:22Z INFO CommandSettings] Flag 'once': 'False'
[2020-11-06 05:32:22Z INFO Runner] RunAsync
[2020-11-06 05:32:22Z INFO ConfigurationManager] LoadSettings
[2020-11-06 05:32:22Z INFO ConfigurationStore] IsConfigured()
[2020-11-06 05:32:22Z INFO ConfigurationStore] IsConfigured: True
[2020-11-06 05:32:22Z INFO ConfigurationManager] Is configured: True
[2020-11-06 05:32:22Z INFO ConfigurationManager] Settings Loaded
[2020-11-06 05:32:22Z INFO MessageListener] {
  "AgentId": 2,
  "AgentName": "cmput401-assignment2_yxl",
  "PoolId": 1,
  "PoolName": "Default",
  "ServerUrl": "https://pipelines.actions.githubusercontent.com/SlfxfpiHaA8t9bO3tik5wAhm7FVPtFt8fHahD0YDOzro3EeyeD",
  "GitHubUrl": "https://github.com/UAlberta-CMPUT401/assignment2-yixianLu",
  "WorkFolder": "_work"
}
[2020-11-06 05:32:22Z INFO MessageListener] Loading Credentials
[2020-11-06 05:32:22Z INFO ConfigurationStore] HasCredentials()
[2020-11-06 05:32:22Z INFO ConfigurationStore] stored True
[2020-11-06 05:32:22Z INFO CredentialManager] GetCredentialProvider
[2020-11-06 05:32:22Z INFO CredentialManager] Creating type OAuth
[2020-11-06 05:32:22Z INFO CredentialManager] Creating credential type: OAuth
[2020-11-06 05:32:22Z INFO HostContext] Well known directory 'Bin': '/home/ubuntu/assignment2-yixianLu/actions-runner/bin'
[2020-11-06 05:32:22Z INFO HostContext] Well known directory 'Root': '/home/ubuntu/assignment2-yixianLu/actions-runner'
[2020-11-06 05:32:22Z INFO HostContext] Well known config file 'RSACredentials': '/home/ubuntu/assignment2-yixianLu/actions-runner/.credentials_rsaparams'
[2020-11-06 05:32:22Z INFO RSAFileKeyManager] Loading RSA key parameters from file /home/ubuntu/assignment2-yixianLu/actions-runner/.credentials_rsaparams
[2020-11-06 05:32:22Z INFO MessageListener] Attempt to create session.
[2020-11-06 05:32:22Z INFO MessageListener] Connecting to the Runner Server...
[2020-11-06 05:32:22Z INFO RunnerServer] Establish connection with 100 seconds timeout.
[2020-11-06 05:32:22Z INFO GitHubActionsService] Starting operation Location.GetConnectionData
[2020-11-06 05:32:22Z INFO RunnerServer] Establish connection with 60 seconds timeout.
[2020-11-06 05:32:22Z INFO GitHubActionsService] Starting operation Location.GetConnectionData
[2020-11-06 05:32:22Z INFO RunnerServer] Establish connection with 60 seconds timeout.
[2020-11-06 05:32:22Z INFO GitHubActionsService] Starting operation Location.GetConnectionData
[2020-11-06 05:32:23Z INFO GitHubActionsService] Finished operation Location.GetConnectionData
[2020-11-06 05:32:23Z INFO GitHubActionsService] Finished operation Location.GetConnectionData
[2020-11-06 05:32:23Z INFO GitHubActionsService] Finished operation Location.GetConnectionData
[2020-11-06 05:32:23Z INFO GitHubActionsService] Starting operation Location.GetConnectionData
[2020-11-06 05:32:23Z INFO GitHubActionsService] Finished operation Location.GetConnectionData
[2020-11-06 05:32:23Z INFO MessageListener] VssConnection created
[2020-11-06 05:32:23Z INFO Terminal] WRITE LINE: 
[2020-11-06 05:32:23Z INFO Terminal] WRITE LINE: 
[2020-11-06 05:32:23Z WARN GitHubActionsService] Authentication failed with status code 401.
Transfer-Encoding: chunked
WWW-Authenticate: Bearer
Strict-Transport-Security: max-age=2592000
X-TFS-ProcessId: 30ecb4db-e13d-4a6c-9d33-14c5a1e7373b
ActivityId: b53dd935-75f4-493b-9a7c-b442fcf6e06b
X-TFS-Session: 4b71c2be-619b-4845-af92-9ddf0c478f56
X-VSS-E2EID: 22e7cde3-9546-4be9-89ea-8eedc1928010
X-VSS-SenderDeploymentId: 13a19993-c6bc-326c-afb4-32c5519f46f0
X-TFS-ServiceError: The+user+%27System%3aPublicAccess%3baaaaaaaa-aaaa-aaaa-aaaa-aaaaaaaaaaaa%27+is+not+authorized+to+access+this+resource.
X-VSS-S2STargetService: 0000005A-0000-8888-8000-000000000000/visualstudio.com
X-MSEdge-Ref: Ref A: F672EFBB78A046839D3A2FB0C1080D5D Ref B: WSTEDGE0914 Ref C: 2020-11-06T05:32:23Z
Date: Fri, 06 Nov 2020 05:32:23 GMT

[2020-11-06 05:32:23Z INFO RSAFileKeyManager] Loading RSA key parameters from file /home/ubuntu/assignment2-yixianLu/actions-runner/.credentials_rsaparams
[2020-11-06 05:32:23Z INFO RSAFileKeyManager] Loading RSA key parameters from file /home/ubuntu/assignment2-yixianLu/actions-runner/.credentials_rsaparams
[2020-11-06 05:32:24Z INFO GitHubActionsService] AAD Correlation ID for this token request: Unknown
[2020-11-06 05:32:24Z INFO MessageListener] Session created.
[2020-11-06 05:32:24Z INFO Terminal] WRITE LINE: 2020-11-06 05:32:24Z: Listening for Jobs
[2020-11-06 05:32:24Z INFO JobDispatcher] Set runner/worker IPC timeout to 30 seconds.
[2020-11-06 05:32:28Z INFO RSAFileKeyManager] Loading RSA key parameters from file /home/ubuntu/assignment2-yixianLu/actions-runner/.credentials_rsaparams
[2020-11-06 05:32:28Z INFO MessageListener] Message '40' received from session 'f9738848-08c9-47c3-8c34-72308e1b5b61'.
[2020-11-06 05:32:28Z INFO JobDispatcher] Job request 40 for plan 65b03535-fb50-4ec6-9174-f747bda2f1da job ca395085-040a-526b-2ce8-bdc85f692774 received.
[2020-11-06 05:32:28Z INFO JobDispatcher] Pull OrchestrationId 65b03535-fb50-4ec6-9174-f747bda2f1da.build.__default from JWT claims
[2020-11-06 05:32:28Z INFO Terminal] WRITE LINE: 2020-11-06 05:32:28Z: Running job: Pytest & Flake8
[2020-11-06 05:32:28Z INFO JobDispatcher] Start renew job request 40 for job ca395085-040a-526b-2ce8-bdc85f692774.
[2020-11-06 05:32:28Z INFO JobDispatcher] Successfully renew job request 40, job is valid till 11/06/2020 05:42:28
[2020-11-06 05:32:28Z INFO HostContext] Well known directory 'Bin': '/home/ubuntu/assignment2-yixianLu/actions-runner/bin'
[2020-11-06 05:32:28Z INFO ProcessInvokerWrapper] Starting process:
[2020-11-06 05:32:28Z INFO ProcessInvokerWrapper]   File name: '/home/ubuntu/assignment2-yixianLu/actions-runner/bin/Runner.Worker'
[2020-11-06 05:32:28Z INFO ProcessInvokerWrapper]   Arguments: 'spawnclient 99 102'
[2020-11-06 05:32:28Z INFO ProcessInvokerWrapper]   Working directory: '/home/ubuntu/assignment2-yixianLu/actions-runner/bin'
[2020-11-06 05:32:28Z INFO ProcessInvokerWrapper]   Require exit code zero: 'False'
[2020-11-06 05:32:28Z INFO ProcessInvokerWrapper]   Encoding web name:  ; code page: ''
[2020-11-06 05:32:28Z INFO ProcessInvokerWrapper]   Force kill process on cancellation: 'True'
[2020-11-06 05:32:28Z INFO ProcessInvokerWrapper]   Redirected STDIN: 'False'
[2020-11-06 05:32:28Z INFO ProcessInvokerWrapper]   Persist current code page: 'False'
[2020-11-06 05:32:28Z INFO ProcessInvokerWrapper]   Keep redirected STDIN open: 'False'
[2020-11-06 05:32:28Z INFO ProcessInvokerWrapper]   High priority process: 'True'
[2020-11-06 05:32:28Z INFO ProcessInvokerWrapper] Process started with process id 31997, waiting for process exit.
[2020-11-06 05:32:28Z INFO JobDispatcher] Send job request message to worker for job ca395085-040a-526b-2ce8-bdc85f692774.
[2020-11-06 05:32:28Z INFO JobNotification] Entering JobStarted Notification
[2020-11-06 05:32:28Z INFO JobNotification] Entering StartMonitor
[2020-11-06 05:33:29Z INFO JobDispatcher] Successfully renew job request 40, job is valid till 11/06/2020 05:43:28
[2020-11-06 05:34:29Z INFO JobDispatcher] Successfully renew job request 40, job is valid till 11/06/2020 05:44:29
[2020-11-06 05:35:29Z INFO JobDispatcher] Successfully renew job request 40, job is valid till 11/06/2020 05:45:29
[2020-11-06 05:35:43Z INFO ProcessInvokerWrapper] STDOUT/STDERR stream read finished.
[2020-11-06 05:35:43Z INFO ProcessInvokerWrapper] STDOUT/STDERR stream read finished.
[2020-11-06 05:35:43Z INFO ProcessInvokerWrapper] Finished process 31997 with exit code 102, and elapsed time 00:03:14.7635381.
[2020-11-06 05:35:43Z INFO JobDispatcher] Worker finished for job ca395085-040a-526b-2ce8-bdc85f692774. Code: 102
[2020-11-06 05:35:43Z INFO JobDispatcher] finish job request for job ca395085-040a-526b-2ce8-bdc85f692774 with result: Failed
[2020-11-06 05:35:43Z INFO Terminal] WRITE LINE: 2020-11-06 05:35:43Z: Job Pytest & Flake8 completed with result: Failed
[2020-11-06 05:35:43Z INFO JobDispatcher] Stop renew job request for job ca395085-040a-526b-2ce8-bdc85f692774.
[2020-11-06 05:35:43Z INFO JobDispatcher] job renew has been canceled, stop renew job request 40.
[2020-11-06 05:35:43Z INFO JobNotification] Entering JobCompleted Notification
[2020-11-06 05:35:43Z INFO JobNotification] Entering EndMonitor
[2020-11-06 05:36:34Z INFO Terminal] WRITE LINE: Exiting...
[2020-11-06 05:36:34Z INFO ConfigurationStore] IsServiceConfigured()
[2020-11-06 05:36:34Z INFO ConfigurationStore] IsServiceConfigured: False
[2020-11-06 05:36:34Z INFO HostContext] Runner will be shutdown for UserCancelled
[2020-11-06 05:36:34Z WARN GitHubActionsService] GET request to https://pipelines.actions.githubusercontent.com/SlfxfpiHaA8t9bO3tik5wAhm7FVPtFt8fHahD0YDOzro3EeyeD/_apis/distributedtask/pools/1/messages?sessionId=f9738848-08c9-47c3-8c34-72308e1b5b61&lastMessageId=40 has been cancelled.
[2020-11-06 05:36:34Z INFO MessageListener] Get next message has been cancelled.
[2020-11-06 05:36:34Z INFO JobDispatcher] Shutting down JobDispatcher. Make sure all WorkerDispatcher has finished.
[2020-11-06 05:36:34Z INFO JobDispatcher] Ensure WorkerDispather for job ca395085-040a-526b-2ce8-bdc85f692774 run to finish, cancel any running job.
[2020-11-06 05:36:34Z INFO JobDispatcher] Job request ca395085-040a-526b-2ce8-bdc85f692774 processed succeed.
[2020-11-06 05:36:34Z INFO Listener] Runner execution been cancelled.
