[2020-11-04 08:54:49Z INFO HostContext] No proxy settings were found based on environmental variables (http_proxy/https_proxy/HTTP_PROXY/HTTPS_PROXY)
[2020-11-04 08:54:49Z INFO HostContext] Well known directory 'Bin': '/home/ubuntu/assignment2-yixianLu/actions-runner/bin'
[2020-11-04 08:54:49Z INFO HostContext] Well known directory 'Root': '/home/ubuntu/assignment2-yixianLu/actions-runner'
[2020-11-04 08:54:49Z INFO HostContext] Well known config file 'Credentials': '/home/ubuntu/assignment2-yixianLu/actions-runner/.credentials'
[2020-11-04 08:54:49Z INFO Listener] Runner is built for Linux (X64) - linux-x64.
[2020-11-04 08:54:49Z INFO Listener] RuntimeInformation: Linux 4.15.0-118-generic #119-Ubuntu SMP Tue Sep 8 12:30:01 UTC 2020.
[2020-11-04 08:54:49Z INFO Listener] Version: 2.273.6
[2020-11-04 08:54:49Z INFO Listener] Commit: ad745669526010737d2ac2dcd10de80732e8390d
[2020-11-04 08:54:49Z INFO Listener] Culture: 
[2020-11-04 08:54:49Z INFO Listener] UI Culture: 
[2020-11-04 08:54:49Z INFO HostContext] Well known directory 'Bin': '/home/ubuntu/assignment2-yixianLu/actions-runner/bin'
[2020-11-04 08:54:49Z INFO HostContext] Well known directory 'Root': '/home/ubuntu/assignment2-yixianLu/actions-runner'
[2020-11-04 08:54:49Z INFO Listener] Validating directory permissions for: '/home/ubuntu/assignment2-yixianLu/actions-runner'
[2020-11-04 08:54:49Z INFO CommandLineParser] Parse
[2020-11-04 08:54:49Z INFO CommandLineParser] Parsing 5 args
[2020-11-04 08:54:49Z INFO CommandLineParser] parsing argument
[2020-11-04 08:54:49Z INFO CommandLineParser] HasArgs: False
[2020-11-04 08:54:49Z INFO CommandLineParser] Adding Command: configure
[2020-11-04 08:54:49Z INFO CommandLineParser] parsing argument
[2020-11-04 08:54:49Z INFO CommandLineParser] HasArgs: True
[2020-11-04 08:54:49Z INFO CommandLineParser] arg: url
[2020-11-04 08:54:49Z INFO CommandLineParser] parsing argument
[2020-11-04 08:54:49Z INFO CommandLineParser] HasArgs: True
[2020-11-04 08:54:49Z INFO CommandLineParser] Adding option 'url': 'https://github.com/UAlberta-CMPUT401/assignment2-yixianLu'
[2020-11-04 08:54:49Z INFO CommandLineParser] parsing argument
[2020-11-04 08:54:49Z INFO CommandLineParser] HasArgs: True
[2020-11-04 08:54:49Z INFO CommandLineParser] arg: token
[2020-11-04 08:54:49Z INFO CommandLineParser] parsing argument
[2020-11-04 08:54:49Z INFO CommandLineParser] HasArgs: True
[2020-11-04 08:54:49Z INFO CommandLineParser] Adding option 'token': '***'
[2020-11-04 08:54:49Z INFO Listener] Arguments parsed
[2020-11-04 08:54:49Z INFO Runner] ExecuteCommand
[2020-11-04 08:54:49Z INFO ConfigurationStore] currentAssemblyLocation: /home/ubuntu/assignment2-yixianLu/actions-runner/bin/Runner.Listener.dll
[2020-11-04 08:54:49Z INFO HostContext] Well known directory 'Bin': '/home/ubuntu/assignment2-yixianLu/actions-runner/bin'
[2020-11-04 08:54:49Z INFO ConfigurationStore] binPath: /home/ubuntu/assignment2-yixianLu/actions-runner/bin
[2020-11-04 08:54:49Z INFO HostContext] Well known directory 'Bin': '/home/ubuntu/assignment2-yixianLu/actions-runner/bin'
[2020-11-04 08:54:49Z INFO HostContext] Well known directory 'Root': '/home/ubuntu/assignment2-yixianLu/actions-runner'
[2020-11-04 08:54:49Z INFO ConfigurationStore] RootFolder: /home/ubuntu/assignment2-yixianLu/actions-runner
[2020-11-04 08:54:49Z INFO HostContext] Well known directory 'Bin': '/home/ubuntu/assignment2-yixianLu/actions-runner/bin'
[2020-11-04 08:54:49Z INFO HostContext] Well known directory 'Root': '/home/ubuntu/assignment2-yixianLu/actions-runner'
[2020-11-04 08:54:49Z INFO HostContext] Well known config file 'Runner': '/home/ubuntu/assignment2-yixianLu/actions-runner/.runner'
[2020-11-04 08:54:49Z INFO ConfigurationStore] ConfigFilePath: /home/ubuntu/assignment2-yixianLu/actions-runner/.runner
[2020-11-04 08:54:49Z INFO HostContext] Well known directory 'Bin': '/home/ubuntu/assignment2-yixianLu/actions-runner/bin'
[2020-11-04 08:54:49Z INFO HostContext] Well known directory 'Root': '/home/ubuntu/assignment2-yixianLu/actions-runner'
[2020-11-04 08:54:49Z INFO HostContext] Well known config file 'Credentials': '/home/ubuntu/assignment2-yixianLu/actions-runner/.credentials'
[2020-11-04 08:54:49Z INFO ConfigurationStore] CredFilePath: /home/ubuntu/assignment2-yixianLu/actions-runner/.credentials
[2020-11-04 08:54:49Z INFO HostContext] Well known directory 'Bin': '/home/ubuntu/assignment2-yixianLu/actions-runner/bin'
[2020-11-04 08:54:49Z INFO HostContext] Well known directory 'Root': '/home/ubuntu/assignment2-yixianLu/actions-runner'
[2020-11-04 08:54:49Z INFO HostContext] Well known config file 'MigratedCredentials': '/home/ubuntu/assignment2-yixianLu/actions-runner/.credentials_migrated'
[2020-11-04 08:54:49Z INFO ConfigurationStore] MigratedCredFilePath: /home/ubuntu/assignment2-yixianLu/actions-runner/.credentials_migrated
[2020-11-04 08:54:49Z INFO HostContext] Well known directory 'Bin': '/home/ubuntu/assignment2-yixianLu/actions-runner/bin'
[2020-11-04 08:54:49Z INFO HostContext] Well known directory 'Root': '/home/ubuntu/assignment2-yixianLu/actions-runner'
[2020-11-04 08:54:49Z INFO HostContext] Well known config file 'Service': '/home/ubuntu/assignment2-yixianLu/actions-runner/.service'
[2020-11-04 08:54:49Z INFO ConfigurationStore] ServiceConfigFilePath: /home/ubuntu/assignment2-yixianLu/actions-runner/.service
[2020-11-04 08:54:49Z INFO CommandSettings] Flag 'help': 'False'
[2020-11-04 08:54:49Z INFO CommandSettings] Flag 'version': 'False'
[2020-11-04 08:54:49Z INFO CommandSettings] Flag 'commit': 'False'
[2020-11-04 08:54:49Z INFO CommandSettings] Command 'configure': 'True'
[2020-11-04 08:54:49Z INFO Terminal] WRITE LINE: 
[2020-11-04 08:54:49Z INFO Terminal] WRITE LINE: --------------------------------------------------------------------------------
[2020-11-04 08:54:49Z INFO Terminal] WRITE LINE: |        ____ _ _   _   _       _          _        _   _                      |
[2020-11-04 08:54:49Z INFO Terminal] WRITE LINE: |       / ___(_) |_| | | |_   _| |__      / \   ___| |_(_) ___  _ __  ___      |
[2020-11-04 08:54:49Z INFO Terminal] WRITE LINE: |      | |  _| | __| |_| | | | | '_ \    / _ \ / __| __| |/ _ \| '_ \/ __|     |
[2020-11-04 08:54:49Z INFO Terminal] WRITE LINE: |      | |_| | | |_|  _  | |_| | |_) |  / ___ \ (__| |_| | (_) | | | \__ \     |
[2020-11-04 08:54:49Z INFO Terminal] WRITE LINE: |       \____|_|\__|_| |_|\__,_|_.__/  /_/   \_\___|\__|_|\___/|_| |_|___/     |
[2020-11-04 08:54:49Z INFO Terminal] WRITE LINE: |                                                                              |
[2020-11-04 08:54:49Z INFO Terminal] WRITE: |                       
[2020-11-04 08:54:49Z INFO Terminal] WRITE: Self-hosted runner registration
[2020-11-04 08:54:49Z INFO Terminal] WRITE LINE:                         |
[2020-11-04 08:54:49Z INFO Terminal] WRITE LINE: |                                                                              |
[2020-11-04 08:54:49Z INFO Terminal] WRITE LINE: --------------------------------------------------------------------------------
[2020-11-04 08:54:49Z INFO ConfigurationManager] ConfigureAsync
[2020-11-04 08:54:49Z INFO ConfigurationStore] IsConfigured()
[2020-11-04 08:54:49Z INFO ConfigurationStore] IsConfigured: False
[2020-11-04 08:54:49Z INFO ConfigurationManager] Is configured: False
[2020-11-04 08:54:49Z INFO CommandSettings] Arg 'url': 'https://github.com/UAlberta-CMPUT401/assignment2-yixianLu'
[2020-11-04 08:54:49Z INFO CommandSettings] Remove url from Arg dictionary.
[2020-11-04 08:54:49Z INFO CommandSettings] Arg 'token': '***'
[2020-11-04 08:54:49Z INFO CommandSettings] Remove token from Arg dictionary.
[2020-11-04 08:54:50Z INFO ConfigurationManager] Http response code: OK from 'POST https://api.github.com/actions/runner-registration'
[2020-11-04 08:54:50Z INFO ConfigurationManager] cred retrieved via GitHub auth
[2020-11-04 08:54:50Z INFO RunnerServer] Establish connection with 100 seconds timeout.
[2020-11-04 08:54:50Z INFO GitHubActionsService] Starting operation Location.GetConnectionData
[2020-11-04 08:54:50Z INFO RunnerServer] Establish connection with 60 seconds timeout.
[2020-11-04 08:54:50Z INFO GitHubActionsService] Starting operation Location.GetConnectionData
[2020-11-04 08:54:50Z INFO RunnerServer] Establish connection with 60 seconds timeout.
[2020-11-04 08:54:50Z INFO GitHubActionsService] Starting operation Location.GetConnectionData
[2020-11-04 08:54:51Z INFO GitHubActionsService] Finished operation Location.GetConnectionData
[2020-11-04 08:54:51Z INFO GitHubActionsService] Finished operation Location.GetConnectionData
[2020-11-04 08:54:51Z INFO GitHubActionsService] Finished operation Location.GetConnectionData
[2020-11-04 08:54:54Z INFO Terminal] WRITE LINE: 
[2020-11-04 08:54:54Z INFO ConfigurationManager] Test Connection complete.
[2020-11-04 08:54:54Z INFO HostContext] Well known directory 'Bin': '/home/ubuntu/assignment2-yixianLu/actions-runner/bin'
[2020-11-04 08:54:54Z INFO HostContext] Well known directory 'Root': '/home/ubuntu/assignment2-yixianLu/actions-runner'
[2020-11-04 08:54:54Z INFO HostContext] Well known config file 'RSACredentials': '/home/ubuntu/assignment2-yixianLu/actions-runner/.credentials_rsaparams'
[2020-11-04 08:54:54Z INFO RSAFileKeyManager] Creating new RSA key using 2048-bit key length
[2020-11-04 08:54:54Z INFO RSAFileKeyManager] Successfully saved RSA key parameters to file /home/ubuntu/assignment2-yixianLu/actions-runner/.credentials_rsaparams
[2020-11-04 08:54:54Z INFO RSAFileKeyManager] Which: 'chmod'
[2020-11-04 08:54:54Z INFO RSAFileKeyManager] Location: '/bin/chmod'
[2020-11-04 08:54:54Z INFO HostContext] Well known directory 'Bin': '/home/ubuntu/assignment2-yixianLu/actions-runner/bin'
[2020-11-04 08:54:54Z INFO HostContext] Well known directory 'Root': '/home/ubuntu/assignment2-yixianLu/actions-runner'
[2020-11-04 08:54:54Z INFO ProcessInvokerWrapper] Starting process:
[2020-11-04 08:54:54Z INFO ProcessInvokerWrapper]   File name: '/bin/chmod'
[2020-11-04 08:54:54Z INFO ProcessInvokerWrapper]   Arguments: '600 /home/ubuntu/assignment2-yixianLu/actions-runner/.credentials_rsaparams'
[2020-11-04 08:54:54Z INFO ProcessInvokerWrapper]   Working directory: '/home/ubuntu/assignment2-yixianLu/actions-runner'
[2020-11-04 08:54:54Z INFO ProcessInvokerWrapper]   Require exit code zero: 'False'
[2020-11-04 08:54:54Z INFO ProcessInvokerWrapper]   Encoding web name:  ; code page: ''
[2020-11-04 08:54:54Z INFO ProcessInvokerWrapper]   Force kill process on cancellation: 'False'
[2020-11-04 08:54:54Z INFO ProcessInvokerWrapper]   Redirected STDIN: 'False'
[2020-11-04 08:54:54Z INFO ProcessInvokerWrapper]   Persist current code page: 'False'
[2020-11-04 08:54:54Z INFO ProcessInvokerWrapper]   Keep redirected STDIN open: 'False'
[2020-11-04 08:54:54Z INFO ProcessInvokerWrapper]   High priority process: 'False'
[2020-11-04 08:54:54Z INFO ProcessInvokerWrapper] Failed to update oom_score_adj for PID: 1272.
[2020-11-04 08:54:54Z INFO ProcessInvokerWrapper] System.UnauthorizedAccessException: Access to the path '/proc/1272/oom_score_adj' is denied.
 ---> System.IO.IOException: Permission denied
   --- End of inner exception stack trace ---
   at Interop.ThrowExceptionForIoErrno(ErrorInfo errorInfo, String path, Boolean isDirectory, Func`2 errorRewriter)
   at Microsoft.Win32.SafeHandles.SafeFileHandle.Open(String path, OpenFlags flags, Int32 mode)
   at System.IO.FileStream.OpenHandle(FileMode mode, FileShare share, FileOptions options)
   at System.IO.FileStream..ctor(String path, FileMode mode, FileAccess access, FileShare share, Int32 bufferSize, FileOptions options)
   at System.IO.StreamWriter.ValidateArgsAndOpenPath(String path, Boolean append, Encoding encoding, Int32 bufferSize)
   at System.IO.StreamWriter..ctor(String path)
   at System.IO.File.WriteAllText(String path, String contents)
   at GitHub.Runner.Sdk.ProcessInvoker.WriteProcessOomScoreAdj(Int32 processId, Int32 oomScoreAdj)
[2020-11-04 08:54:54Z INFO ProcessInvokerWrapper] STDOUT/STDERR stream read finished.
[2020-11-04 08:54:54Z INFO ProcessInvokerWrapper] STDOUT/STDERR stream read finished.
[2020-11-04 08:54:54Z INFO ProcessInvokerWrapper] Process started with process id 1272, waiting for process exit.
[2020-11-04 08:54:54Z INFO ProcessInvokerWrapper] Finished process 1272 with exit code 0, and elapsed time 00:00:00.0193119.
[2020-11-04 08:54:54Z INFO RSAFileKeyManager] Successfully set permissions for RSA key parameters file /home/ubuntu/assignment2-yixianLu/actions-runner/.credentials_rsaparams
[2020-11-04 08:54:54Z INFO ConfigurationManager] Found a self-hosted runner group with id {1} and name {2} 1, Default
[2020-11-04 08:54:54Z INFO CommandSettings] Arg 'name': ''
[2020-11-04 08:54:54Z INFO CommandSettings] Flag 'unattended': 'False'
[2020-11-04 08:54:54Z INFO PromptManager] ReadValue
[2020-11-04 08:54:54Z INFO Terminal] WRITE: Enter the name of runner: 
[2020-11-04 08:54:54Z INFO Terminal] WRITE: [press Enter for cmput401-assignment2] 
[2020-11-04 08:54:54Z INFO Terminal] READ LINE
[2020-11-04 08:55:20Z INFO Terminal] Read value: 'cmput401-assignment2_yxl'
[2020-11-04 08:55:20Z INFO Terminal] WRITE LINE: 
[2020-11-04 08:55:20Z INFO CommandSettings] Arg 'labels': ''
[2020-11-04 08:55:20Z INFO CommandSettings] Flag 'unattended': 'False'
[2020-11-04 08:55:20Z INFO PromptManager] ReadValue
[2020-11-04 08:55:20Z INFO Terminal] WRITE: This runner will have the following labels: 'self-hosted', 'Linux', 'X64' 
Enter any additional labels (ex. label-1,label-2): 
[2020-11-04 08:55:20Z INFO Terminal] WRITE: [press Enter to skip] 
[2020-11-04 08:55:20Z INFO Terminal] READ LINE
[2020-11-04 08:55:26Z INFO Terminal] Read value: ''
[2020-11-04 08:55:26Z INFO Terminal] WRITE LINE: 
[2020-11-04 08:55:26Z INFO ConfigurationStore] Saving OAuth credential @ /home/ubuntu/assignment2-yixianLu/actions-runner/.credentials
[2020-11-04 08:55:26Z INFO ConfigurationStore] Credentials Saved.
[2020-11-04 08:55:26Z INFO ConfigurationStore] HasCredentials()
[2020-11-04 08:55:26Z INFO ConfigurationStore] stored True
[2020-11-04 08:55:26Z INFO CredentialManager] GetCredentialProvider
[2020-11-04 08:55:26Z INFO CredentialManager] Creating type OAuth
[2020-11-04 08:55:26Z INFO CredentialManager] Creating credential type: OAuth
[2020-11-04 08:55:26Z INFO RSAFileKeyManager] Loading RSA key parameters from file /home/ubuntu/assignment2-yixianLu/actions-runner/.credentials_rsaparams
[2020-11-04 08:55:26Z INFO RunnerServer] Establish connection with 100 seconds timeout.
[2020-11-04 08:55:26Z INFO GitHubActionsService] Starting operation Location.GetConnectionData
[2020-11-04 08:55:26Z INFO RunnerServer] Establish connection with 60 seconds timeout.
[2020-11-04 08:55:26Z INFO GitHubActionsService] Starting operation Location.GetConnectionData
[2020-11-04 08:55:26Z INFO RunnerServer] Establish connection with 60 seconds timeout.
[2020-11-04 08:55:26Z INFO GitHubActionsService] Starting operation Location.GetConnectionData
[2020-11-04 08:55:27Z INFO GitHubActionsService] Finished operation Location.GetConnectionData
[2020-11-04 08:55:27Z INFO GitHubActionsService] Finished operation Location.GetConnectionData
[2020-11-04 08:55:27Z INFO GitHubActionsService] Finished operation Location.GetConnectionData
[2020-11-04 08:55:28Z WARN GitHubActionsService] Authentication failed with status code 401.
WWW-Authenticate: Bearer
Strict-Transport-Security: max-age=2592000
X-TFS-ProcessId: 0502d3db-7e48-48e2-b3bc-e1ec0d45d1d6
ActivityId: 0b71128e-e8b3-474e-b543-b6563348bca5
X-TFS-Session: 4b3949ab-185e-4e43-b329-6afdf34089ad
X-VSS-E2EID: 9c1f3b51-0cac-4125-9103-bc92153c48ee
X-VSS-SenderDeploymentId: 13a19993-c6bc-326c-afb4-32c5519f46f0
X-TFS-ServiceError: The+user+%27System%3aPublicAccess%3baaaaaaaa-aaaa-aaaa-aaaa-aaaaaaaaaaaa%27+is+not+authorized+to+access+this+resource.
X-VSS-S2STargetService: 0000005A-0000-8888-8000-000000000000/visualstudio.com
X-MSEdge-Ref: Ref A: CEB3D8738C3D4DB9A13237D21C4938E3 Ref B: WSTEDGE0611 Ref C: 2020-11-04T08:55:28Z
Date: Wed, 04 Nov 2020 08:55:28 GMT

[2020-11-04 08:55:28Z INFO RSAFileKeyManager] Loading RSA key parameters from file /home/ubuntu/assignment2-yixianLu/actions-runner/.credentials_rsaparams
[2020-11-04 08:55:28Z INFO RSAFileKeyManager] Loading RSA key parameters from file /home/ubuntu/assignment2-yixianLu/actions-runner/.credentials_rsaparams
[2020-11-04 08:55:29Z INFO GitHubActionsService] AAD Correlation ID for this token request: Unknown
[2020-11-04 08:55:29Z INFO CommandSettings] Arg 'work': ''
[2020-11-04 08:55:29Z INFO CommandSettings] Flag 'unattended': 'False'
[2020-11-04 08:55:29Z INFO PromptManager] ReadValue
[2020-11-04 08:55:29Z INFO Terminal] WRITE: Enter name of work folder: 
[2020-11-04 08:55:29Z INFO Terminal] WRITE: [press Enter for _work] 
[2020-11-04 08:55:29Z INFO Terminal] READ LINE
[2020-11-04 08:56:37Z INFO Terminal] Read value: ''
[2020-11-04 08:56:37Z INFO PromptManager] Falling back to the default: '_work'
[2020-11-04 08:56:37Z INFO ConfigurationStore] Saving runner settings.
[2020-11-04 08:56:37Z INFO ConfigurationStore] Settings Saved.
[2020-11-04 08:56:37Z INFO Terminal] WRITE LINE: 
[2020-11-04 08:56:37Z INFO Terminal] WRITE LINE: 
[2020-11-04 08:56:37Z INFO SystemDControlManager] Service name 'actions.runner.UAlberta-CMPUT401-assignment2-yixianLu.cmput401-assignmen.service' display name 'GitHub Actions Runner (UAlberta-CMPUT401-assignment2-yixianLu.cmput401-assignment2_yxl)' will be used for service configuration.
[2020-11-04 08:56:37Z INFO HostContext] Well known directory 'Bin': '/home/ubuntu/assignment2-yixianLu/actions-runner/bin'
[2020-11-04 08:56:37Z INFO HostContext] Well known directory 'Root': '/home/ubuntu/assignment2-yixianLu/actions-runner'
[2020-11-04 08:56:37Z INFO HostContext] Well known directory 'Bin': '/home/ubuntu/assignment2-yixianLu/actions-runner/bin'
[2020-11-04 08:56:37Z INFO HostContext] Well known directory 'Bin': '/home/ubuntu/assignment2-yixianLu/actions-runner/bin'
[2020-11-04 08:56:37Z INFO HostContext] Well known directory 'Root': '/home/ubuntu/assignment2-yixianLu/actions-runner'
[2020-11-04 08:56:37Z INFO UnixUtil] Which: 'chmod'
[2020-11-04 08:56:37Z INFO UnixUtil] Location: '/bin/chmod'
[2020-11-04 08:56:37Z INFO UnixUtil] Running /bin/chmod 755 "/home/ubuntu/assignment2-yixianLu/actions-runner/svc.sh"
[2020-11-04 08:56:37Z INFO ProcessInvokerWrapper] Starting process:
[2020-11-04 08:56:37Z INFO ProcessInvokerWrapper]   File name: '/bin/chmod'
[2020-11-04 08:56:37Z INFO ProcessInvokerWrapper]   Arguments: '755 "/home/ubuntu/assignment2-yixianLu/actions-runner/svc.sh"'
[2020-11-04 08:56:37Z INFO ProcessInvokerWrapper]   Working directory: '/home/ubuntu/assignment2-yixianLu/actions-runner'
[2020-11-04 08:56:37Z INFO ProcessInvokerWrapper]   Require exit code zero: 'True'
[2020-11-04 08:56:37Z INFO ProcessInvokerWrapper]   Encoding web name:  ; code page: ''
[2020-11-04 08:56:37Z INFO ProcessInvokerWrapper]   Force kill process on cancellation: 'False'
[2020-11-04 08:56:37Z INFO ProcessInvokerWrapper]   Redirected STDIN: 'False'
[2020-11-04 08:56:37Z INFO ProcessInvokerWrapper]   Persist current code page: 'False'
[2020-11-04 08:56:37Z INFO ProcessInvokerWrapper]   Keep redirected STDIN open: 'False'
[2020-11-04 08:56:37Z INFO ProcessInvokerWrapper]   High priority process: 'False'
[2020-11-04 08:56:37Z INFO ProcessInvokerWrapper] Updated oom_score_adj to 500 for PID: 1295.
[2020-11-04 08:56:37Z INFO ProcessInvokerWrapper] Process started with process id 1295, waiting for process exit.
[2020-11-04 08:56:37Z INFO ProcessInvokerWrapper] STDOUT/STDERR stream read finished.
[2020-11-04 08:56:37Z INFO ProcessInvokerWrapper] STDOUT/STDERR stream read finished.
[2020-11-04 08:56:37Z INFO ProcessInvokerWrapper] Finished process 1295 with exit code 0, and elapsed time 00:00:00.0057624.
[2020-11-04 08:56:37Z INFO Listener] Runner execution has finished with return code 0
